{"uid":"3a48beeb078deec4","name":"test_decorator_steps","fullName":"tests.test_decorators#test_decorator_steps","historyId":"f7070731ddc1d3a6b5354bbcce5a5f69","time":{"start":1688895564266,"stop":1688895569933,"duration":5667},"status":"failed","statusMessage":"selene.core.exceptions.TimeoutException: Message: \n\nTimed out after 4s, while waiting for:\nbrowser.element(('css selector', '.header-search-button')).click\n\nReason: ElementNotInteractableException: Message: element not interactable\n  (Session info: headless chrome=114.0.5735.198)\nStacktrace:\n#0 0x55ce974c84e3 <unknown>\n#1 0x55ce971f7b00 <unknown>\n#2 0x55ce97234fa1 <unknown>\n#3 0x55ce9722a1da <unknown>\n#4 0x55ce97253012 <unknown>\n#5 0x55ce97229b03 <unknown>\n#6 0x55ce972531de <unknown>\n#7 0x55ce9726b30e <unknown>\n#8 0x55ce97252de3 <unknown>\n#9 0x55ce972282dd <unknown>\n#10 0x55ce9722934e <unknown>\n#11 0x55ce974883e4 <unknown>\n#12 0x55ce9748c3d7 <unknown>\n#13 0x55ce97496b20 <unknown>\n#14 0x55ce9748d023 <unknown>\n#15 0x55ce9745b1aa <unknown>\n#16 0x55ce974b16b8 <unknown>\n#17 0x55ce974b1847 <unknown>\n#18 0x55ce974c1243 <unknown>\n#19 0x7f394dd43b43 <unknown>\n\nScreenshot: file:///home/runner/.selene/screenshots/1688895562420/1688895562420.png\nPageSource: file:///home/runner/.selene/screenshots/1688895562420/1688895562420.html","statusTrace":"fn = <selene.core.wait.Command object at 0x7f9a1640a1d0>\n\n    def logic(fn: Callable[[E], R]) -> R:\n        finish_time = time.time() + self._timeout\n    \n        while True:\n            try:\n>               return fn(self.entity)\n\n/opt/hostedtoolcache/Python/3.11.4/x64/lib/python3.11/site-packages/selene/core/wait.py:119: \n_ _ _ _ _ _ _ _ _ _ _ _ _ _ _ _ _ _ _ _ _ _ _ _ _ _ _ _ _ _ _ _ _ _ _ _ _ _ _ _ \n/opt/hostedtoolcache/Python/3.11.4/x64/lib/python3.11/site-packages/selene/core/wait.py:61: in __call__\n    return self._fn(entity)\n/opt/hostedtoolcache/Python/3.11.4/x64/lib/python3.11/site-packages/selene/core/entity.py:529: in raw_click\n    element.locate().click()\n/opt/hostedtoolcache/Python/3.11.4/x64/lib/python3.11/site-packages/selenium/webdriver/remote/webelement.py:94: in click\n    self._execute(Command.CLICK_ELEMENT)\n/opt/hostedtoolcache/Python/3.11.4/x64/lib/python3.11/site-packages/selenium/webdriver/remote/webelement.py:395: in _execute\n    return self._parent.execute(command, params)\n/opt/hostedtoolcache/Python/3.11.4/x64/lib/python3.11/site-packages/selenium/webdriver/remote/webdriver.py:346: in execute\n    self.error_handler.check_response(response)\n_ _ _ _ _ _ _ _ _ _ _ _ _ _ _ _ _ _ _ _ _ _ _ _ _ _ _ _ _ _ _ _ _ _ _ _ _ _ _ _ \n\nself = <selenium.webdriver.remote.errorhandler.ErrorHandler object at 0x7f9a17488990>\nresponse = {'status': 400, 'value': '{\"value\":{\"error\":\"element not interactable\",\"message\":\"element not interactable\\\\n  (Sessio...\\\\n#17 0x55ce974b1847 \\\\u003Cunknown>\\\\n#18 0x55ce974c1243 \\\\u003Cunknown>\\\\n#19 0x7f394dd43b43 \\\\u003Cunknown>\\\\n\"}}'}\n\n    def check_response(self, response: Dict[str, Any]) -> None:\n        \"\"\"Checks that a JSON response from the WebDriver does not have an\n        error.\n    \n        :Args:\n         - response - The JSON response from the WebDriver server as a dictionary\n           object.\n    \n        :Raises: If the response contains an error message.\n        \"\"\"\n        status = response.get(\"status\", None)\n        if not status or status == ErrorCode.SUCCESS:\n            return\n        value = None\n        message = response.get(\"message\", \"\")\n        screen: str = response.get(\"screen\", \"\")\n        stacktrace = None\n        if isinstance(status, int):\n            value_json = response.get(\"value\", None)\n            if value_json and isinstance(value_json, str):\n                import json\n    \n                try:\n                    value = json.loads(value_json)\n                    if len(value) == 1:\n                        value = value[\"value\"]\n                    status = value.get(\"error\", None)\n                    if not status:\n                        status = value.get(\"status\", ErrorCode.UNKNOWN_ERROR)\n                        message = value.get(\"value\") or value.get(\"message\")\n                        if not isinstance(message, str):\n                            value = message\n                            message = message.get(\"message\")\n                    else:\n                        message = value.get(\"message\", None)\n                except ValueError:\n                    pass\n    \n        exception_class: Type[WebDriverException]\n        if status in ErrorCode.NO_SUCH_ELEMENT:\n            exception_class = NoSuchElementException\n        elif status in ErrorCode.NO_SUCH_FRAME:\n            exception_class = NoSuchFrameException\n        elif status in ErrorCode.NO_SUCH_SHADOW_ROOT:\n            exception_class = NoSuchShadowRootException\n        elif status in ErrorCode.NO_SUCH_WINDOW:\n            exception_class = NoSuchWindowException\n        elif status in ErrorCode.STALE_ELEMENT_REFERENCE:\n            exception_class = StaleElementReferenceException\n        elif status in ErrorCode.ELEMENT_NOT_VISIBLE:\n            exception_class = ElementNotVisibleException\n        elif status in ErrorCode.INVALID_ELEMENT_STATE:\n            exception_class = InvalidElementStateException\n        elif (\n            status in ErrorCode.INVALID_SELECTOR\n            or status in ErrorCode.INVALID_XPATH_SELECTOR\n            or status in ErrorCode.INVALID_XPATH_SELECTOR_RETURN_TYPER\n        ):\n            exception_class = InvalidSelectorException\n        elif status in ErrorCode.ELEMENT_IS_NOT_SELECTABLE:\n            exception_class = ElementNotSelectableException\n        elif status in ErrorCode.ELEMENT_NOT_INTERACTABLE:\n            exception_class = ElementNotInteractableException\n        elif status in ErrorCode.INVALID_COOKIE_DOMAIN:\n            exception_class = InvalidCookieDomainException\n        elif status in ErrorCode.UNABLE_TO_SET_COOKIE:\n            exception_class = UnableToSetCookieException\n        elif status in ErrorCode.TIMEOUT:\n            exception_class = TimeoutException\n        elif status in ErrorCode.SCRIPT_TIMEOUT:\n            exception_class = TimeoutException\n        elif status in ErrorCode.UNKNOWN_ERROR:\n            exception_class = WebDriverException\n        elif status in ErrorCode.UNEXPECTED_ALERT_OPEN:\n            exception_class = UnexpectedAlertPresentException\n        elif status in ErrorCode.NO_ALERT_OPEN:\n            exception_class = NoAlertPresentException\n        elif status in ErrorCode.IME_NOT_AVAILABLE:\n            exception_class = ImeNotAvailableException\n        elif status in ErrorCode.IME_ENGINE_ACTIVATION_FAILED:\n            exception_class = ImeActivationFailedException\n        elif status in ErrorCode.MOVE_TARGET_OUT_OF_BOUNDS:\n            exception_class = MoveTargetOutOfBoundsException\n        elif status in ErrorCode.JAVASCRIPT_ERROR:\n            exception_class = JavascriptException\n        elif status in ErrorCode.SESSION_NOT_CREATED:\n            exception_class = SessionNotCreatedException\n        elif status in ErrorCode.INVALID_ARGUMENT:\n            exception_class = InvalidArgumentException\n        elif status in ErrorCode.NO_SUCH_COOKIE:\n            exception_class = NoSuchCookieException\n        elif status in ErrorCode.UNABLE_TO_CAPTURE_SCREEN:\n            exception_class = ScreenshotException\n        elif status in ErrorCode.ELEMENT_CLICK_INTERCEPTED:\n            exception_class = ElementClickInterceptedException\n        elif status in ErrorCode.INSECURE_CERTIFICATE:\n            exception_class = InsecureCertificateException\n        elif status in ErrorCode.INVALID_COORDINATES:\n            exception_class = InvalidCoordinatesException\n        elif status in ErrorCode.INVALID_SESSION_ID:\n            exception_class = InvalidSessionIdException\n        elif status in ErrorCode.UNKNOWN_METHOD:\n            exception_class = UnknownMethodException\n        else:\n            exception_class = WebDriverException\n        if not value:\n            value = response[\"value\"]\n        if isinstance(value, str):\n            raise exception_class(value)\n        if message == \"\" and \"message\" in value:\n            message = value[\"message\"]\n    \n        screen = None  # type: ignore[assignment]\n        if \"screen\" in value:\n            screen = value[\"screen\"]\n    \n        stacktrace = None\n        st_value = value.get(\"stackTrace\") or value.get(\"stacktrace\")\n        if st_value:\n            if isinstance(st_value, str):\n                stacktrace = st_value.split(\"\\n\")\n            else:\n                stacktrace = []\n                try:\n                    for frame in st_value:\n                        line = frame.get(\"lineNumber\", \"\")\n                        file = frame.get(\"fileName\", \"<anonymous>\")\n                        if line:\n                            file = f\"{file}:{line}\"\n                        meth = frame.get(\"methodName\", \"<anonymous>\")\n                        if \"className\" in frame:\n                            meth = f\"{frame['className']}.{meth}\"\n                        msg = \"    at %s (%s)\"\n                        msg = msg % (meth, file)\n                        stacktrace.append(msg)\n                except TypeError:\n                    pass\n        if exception_class == UnexpectedAlertPresentException:\n            alert_text = None\n            if \"data\" in value:\n                alert_text = value[\"data\"].get(\"text\")\n            elif \"alert\" in value:\n                alert_text = value[\"alert\"].get(\"text\")\n            raise exception_class(message, screen, stacktrace, alert_text)  # type: ignore[call-arg]  # mypy is not smart enough here\n>       raise exception_class(message, screen, stacktrace)\nE       selenium.common.exceptions.ElementNotInteractableException: Message: element not interactable\nE         (Session info: headless chrome=114.0.5735.198)\nE       Stacktrace:\nE       #0 0x55ce974c84e3 <unknown>\nE       #1 0x55ce971f7b00 <unknown>\nE       #2 0x55ce97234fa1 <unknown>\nE       #3 0x55ce9722a1da <unknown>\nE       #4 0x55ce97253012 <unknown>\nE       #5 0x55ce97229b03 <unknown>\nE       #6 0x55ce972531de <unknown>\nE       #7 0x55ce9726b30e <unknown>\nE       #8 0x55ce97252de3 <unknown>\nE       #9 0x55ce972282dd <unknown>\nE       #10 0x55ce9722934e <unknown>\nE       #11 0x55ce974883e4 <unknown>\nE       #12 0x55ce9748c3d7 <unknown>\nE       #13 0x55ce97496b20 <unknown>\nE       #14 0x55ce9748d023 <unknown>\nE       #15 0x55ce9745b1aa <unknown>\nE       #16 0x55ce974b16b8 <unknown>\nE       #17 0x55ce974b1847 <unknown>\nE       #18 0x55ce974c1243 <unknown>\nE       #19 0x7f394dd43b43 <unknown>\n\n/opt/hostedtoolcache/Python/3.11.4/x64/lib/python3.11/site-packages/selenium/webdriver/remote/errorhandler.py:245: ElementNotInteractableException\n\nDuring handling of the above exception, another exception occurred:\n\n    @allure.tag(\"web\")\n    @allure.severity(Severity.TRIVIAL)\n    @allure.label(\"owner\", \"t-rexamarin\")\n    @allure.feature(\"Задачи в репозитории\")\n    @allure.story(\"Авторизованный пользователь может создать задачу в репозитории\")\n    def test_decorator_steps():\n        open_main_page()\n>       search_for_repository(\"eroshenkoam/allure-example\")\n\ntests/test_decorators.py:15: \n_ _ _ _ _ _ _ _ _ _ _ _ _ _ _ _ _ _ _ _ _ _ _ _ _ _ _ _ _ _ _ _ _ _ _ _ _ _ _ _ \ntests/test_decorators.py:28: in search_for_repository\n    s(\".header-search-button\").click()\n/opt/hostedtoolcache/Python/3.11.4/x64/lib/python3.11/site-packages/selene/core/entity.py:533: in click\n    self.wait.for_(\n/opt/hostedtoolcache/Python/3.11.4/x64/lib/python3.11/site-packages/selene/core/wait.py:143: in for_\n    return self._decorator(self)(logic)(fn)\n_ _ _ _ _ _ _ _ _ _ _ _ _ _ _ _ _ _ _ _ _ _ _ _ _ _ _ _ _ _ _ _ _ _ _ _ _ _ _ _ \n\nfn = <selene.core.wait.Command object at 0x7f9a1640a1d0>\n\n    def logic(fn: Callable[[E], R]) -> R:\n        finish_time = time.time() + self._timeout\n    \n        while True:\n            try:\n                return fn(self.entity)\n            except Exception as reason:\n                if time.time() > finish_time:\n                    reason_message = str(reason)\n    \n                    reason_string = '{name}: {message}'.format(\n                        name=reason.__class__.__name__,\n                        message=reason_message,\n                    )\n                    # TODO: think on how can we improve logging failures in selene, e.g. reverse msg and stacktrace\n                    # stacktrace = getattr(reason, 'stacktrace', None)\n                    timeout = self._timeout\n                    entity = self.entity\n    \n                    failure = TimeoutException(\n                        f'\\n'\n                        f'\\nTimed out after {timeout}s, while waiting for:'\n                        f'\\n{entity}.{fn}'\n                        f'\\n'\n                        f'\\nReason: {reason_string}'\n                    )\n    \n>                   raise self._hook_failure(failure)\nE                   selene.core.exceptions.TimeoutException: Message: \nE                   \nE                   Timed out after 4s, while waiting for:\nE                   browser.element(('css selector', '.header-search-button')).click\nE                   \nE                   Reason: ElementNotInteractableException: Message: element not interactable\nE                     (Session info: headless chrome=114.0.5735.198)\nE                   Stacktrace:\nE                   #0 0x55ce974c84e3 <unknown>\nE                   #1 0x55ce971f7b00 <unknown>\nE                   #2 0x55ce97234fa1 <unknown>\nE                   #3 0x55ce9722a1da <unknown>\nE                   #4 0x55ce97253012 <unknown>\nE                   #5 0x55ce97229b03 <unknown>\nE                   #6 0x55ce972531de <unknown>\nE                   #7 0x55ce9726b30e <unknown>\nE                   #8 0x55ce97252de3 <unknown>\nE                   #9 0x55ce972282dd <unknown>\nE                   #10 0x55ce9722934e <unknown>\nE                   #11 0x55ce974883e4 <unknown>\nE                   #12 0x55ce9748c3d7 <unknown>\nE                   #13 0x55ce97496b20 <unknown>\nE                   #14 0x55ce9748d023 <unknown>\nE                   #15 0x55ce9745b1aa <unknown>\nE                   #16 0x55ce974b16b8 <unknown>\nE                   #17 0x55ce974b1847 <unknown>\nE                   #18 0x55ce974c1243 <unknown>\nE                   #19 0x7f394dd43b43 <unknown>\nE                   \nE                   Screenshot: file:///home/runner/.selene/screenshots/1688895562420/1688895562420.png\nE                   PageSource: file:///home/runner/.selene/screenshots/1688895562420/1688895562420.html\n\n/opt/hostedtoolcache/Python/3.11.4/x64/lib/python3.11/site-packages/selene/core/wait.py:141: TimeoutException","flaky":false,"newFailed":true,"newBroken":false,"newPassed":false,"retriesCount":0,"retriesStatusChange":false,"beforeStages":[{"name":"driver","time":{"start":1688895562451,"stop":1688895564265,"duration":1814},"status":"passed","steps":[],"attachments":[],"parameters":[],"stepsCount":0,"attachmentsCount":0,"shouldDisplayMessage":false,"hasContent":false}],"testStage":{"status":"failed","statusMessage":"selene.core.exceptions.TimeoutException: Message: \n\nTimed out after 4s, while waiting for:\nbrowser.element(('css selector', '.header-search-button')).click\n\nReason: ElementNotInteractableException: Message: element not interactable\n  (Session info: headless chrome=114.0.5735.198)\nStacktrace:\n#0 0x55ce974c84e3 <unknown>\n#1 0x55ce971f7b00 <unknown>\n#2 0x55ce97234fa1 <unknown>\n#3 0x55ce9722a1da <unknown>\n#4 0x55ce97253012 <unknown>\n#5 0x55ce97229b03 <unknown>\n#6 0x55ce972531de <unknown>\n#7 0x55ce9726b30e <unknown>\n#8 0x55ce97252de3 <unknown>\n#9 0x55ce972282dd <unknown>\n#10 0x55ce9722934e <unknown>\n#11 0x55ce974883e4 <unknown>\n#12 0x55ce9748c3d7 <unknown>\n#13 0x55ce97496b20 <unknown>\n#14 0x55ce9748d023 <unknown>\n#15 0x55ce9745b1aa <unknown>\n#16 0x55ce974b16b8 <unknown>\n#17 0x55ce974b1847 <unknown>\n#18 0x55ce974c1243 <unknown>\n#19 0x7f394dd43b43 <unknown>\n\nScreenshot: file:///home/runner/.selene/screenshots/1688895562420/1688895562420.png\nPageSource: file:///home/runner/.selene/screenshots/1688895562420/1688895562420.html","statusTrace":"fn = <selene.core.wait.Command object at 0x7f9a1640a1d0>\n\n    def logic(fn: Callable[[E], R]) -> R:\n        finish_time = time.time() + self._timeout\n    \n        while True:\n            try:\n>               return fn(self.entity)\n\n/opt/hostedtoolcache/Python/3.11.4/x64/lib/python3.11/site-packages/selene/core/wait.py:119: \n_ _ _ _ _ _ _ _ _ _ _ _ _ _ _ _ _ _ _ _ _ _ _ _ _ _ _ _ _ _ _ _ _ _ _ _ _ _ _ _ \n/opt/hostedtoolcache/Python/3.11.4/x64/lib/python3.11/site-packages/selene/core/wait.py:61: in __call__\n    return self._fn(entity)\n/opt/hostedtoolcache/Python/3.11.4/x64/lib/python3.11/site-packages/selene/core/entity.py:529: in raw_click\n    element.locate().click()\n/opt/hostedtoolcache/Python/3.11.4/x64/lib/python3.11/site-packages/selenium/webdriver/remote/webelement.py:94: in click\n    self._execute(Command.CLICK_ELEMENT)\n/opt/hostedtoolcache/Python/3.11.4/x64/lib/python3.11/site-packages/selenium/webdriver/remote/webelement.py:395: in _execute\n    return self._parent.execute(command, params)\n/opt/hostedtoolcache/Python/3.11.4/x64/lib/python3.11/site-packages/selenium/webdriver/remote/webdriver.py:346: in execute\n    self.error_handler.check_response(response)\n_ _ _ _ _ _ _ _ _ _ _ _ _ _ _ _ _ _ _ _ _ _ _ _ _ _ _ _ _ _ _ _ _ _ _ _ _ _ _ _ \n\nself = <selenium.webdriver.remote.errorhandler.ErrorHandler object at 0x7f9a17488990>\nresponse = {'status': 400, 'value': '{\"value\":{\"error\":\"element not interactable\",\"message\":\"element not interactable\\\\n  (Sessio...\\\\n#17 0x55ce974b1847 \\\\u003Cunknown>\\\\n#18 0x55ce974c1243 \\\\u003Cunknown>\\\\n#19 0x7f394dd43b43 \\\\u003Cunknown>\\\\n\"}}'}\n\n    def check_response(self, response: Dict[str, Any]) -> None:\n        \"\"\"Checks that a JSON response from the WebDriver does not have an\n        error.\n    \n        :Args:\n         - response - The JSON response from the WebDriver server as a dictionary\n           object.\n    \n        :Raises: If the response contains an error message.\n        \"\"\"\n        status = response.get(\"status\", None)\n        if not status or status == ErrorCode.SUCCESS:\n            return\n        value = None\n        message = response.get(\"message\", \"\")\n        screen: str = response.get(\"screen\", \"\")\n        stacktrace = None\n        if isinstance(status, int):\n            value_json = response.get(\"value\", None)\n            if value_json and isinstance(value_json, str):\n                import json\n    \n                try:\n                    value = json.loads(value_json)\n                    if len(value) == 1:\n                        value = value[\"value\"]\n                    status = value.get(\"error\", None)\n                    if not status:\n                        status = value.get(\"status\", ErrorCode.UNKNOWN_ERROR)\n                        message = value.get(\"value\") or value.get(\"message\")\n                        if not isinstance(message, str):\n                            value = message\n                            message = message.get(\"message\")\n                    else:\n                        message = value.get(\"message\", None)\n                except ValueError:\n                    pass\n    \n        exception_class: Type[WebDriverException]\n        if status in ErrorCode.NO_SUCH_ELEMENT:\n            exception_class = NoSuchElementException\n        elif status in ErrorCode.NO_SUCH_FRAME:\n            exception_class = NoSuchFrameException\n        elif status in ErrorCode.NO_SUCH_SHADOW_ROOT:\n            exception_class = NoSuchShadowRootException\n        elif status in ErrorCode.NO_SUCH_WINDOW:\n            exception_class = NoSuchWindowException\n        elif status in ErrorCode.STALE_ELEMENT_REFERENCE:\n            exception_class = StaleElementReferenceException\n        elif status in ErrorCode.ELEMENT_NOT_VISIBLE:\n            exception_class = ElementNotVisibleException\n        elif status in ErrorCode.INVALID_ELEMENT_STATE:\n            exception_class = InvalidElementStateException\n        elif (\n            status in ErrorCode.INVALID_SELECTOR\n            or status in ErrorCode.INVALID_XPATH_SELECTOR\n            or status in ErrorCode.INVALID_XPATH_SELECTOR_RETURN_TYPER\n        ):\n            exception_class = InvalidSelectorException\n        elif status in ErrorCode.ELEMENT_IS_NOT_SELECTABLE:\n            exception_class = ElementNotSelectableException\n        elif status in ErrorCode.ELEMENT_NOT_INTERACTABLE:\n            exception_class = ElementNotInteractableException\n        elif status in ErrorCode.INVALID_COOKIE_DOMAIN:\n            exception_class = InvalidCookieDomainException\n        elif status in ErrorCode.UNABLE_TO_SET_COOKIE:\n            exception_class = UnableToSetCookieException\n        elif status in ErrorCode.TIMEOUT:\n            exception_class = TimeoutException\n        elif status in ErrorCode.SCRIPT_TIMEOUT:\n            exception_class = TimeoutException\n        elif status in ErrorCode.UNKNOWN_ERROR:\n            exception_class = WebDriverException\n        elif status in ErrorCode.UNEXPECTED_ALERT_OPEN:\n            exception_class = UnexpectedAlertPresentException\n        elif status in ErrorCode.NO_ALERT_OPEN:\n            exception_class = NoAlertPresentException\n        elif status in ErrorCode.IME_NOT_AVAILABLE:\n            exception_class = ImeNotAvailableException\n        elif status in ErrorCode.IME_ENGINE_ACTIVATION_FAILED:\n            exception_class = ImeActivationFailedException\n        elif status in ErrorCode.MOVE_TARGET_OUT_OF_BOUNDS:\n            exception_class = MoveTargetOutOfBoundsException\n        elif status in ErrorCode.JAVASCRIPT_ERROR:\n            exception_class = JavascriptException\n        elif status in ErrorCode.SESSION_NOT_CREATED:\n            exception_class = SessionNotCreatedException\n        elif status in ErrorCode.INVALID_ARGUMENT:\n            exception_class = InvalidArgumentException\n        elif status in ErrorCode.NO_SUCH_COOKIE:\n            exception_class = NoSuchCookieException\n        elif status in ErrorCode.UNABLE_TO_CAPTURE_SCREEN:\n            exception_class = ScreenshotException\n        elif status in ErrorCode.ELEMENT_CLICK_INTERCEPTED:\n            exception_class = ElementClickInterceptedException\n        elif status in ErrorCode.INSECURE_CERTIFICATE:\n            exception_class = InsecureCertificateException\n        elif status in ErrorCode.INVALID_COORDINATES:\n            exception_class = InvalidCoordinatesException\n        elif status in ErrorCode.INVALID_SESSION_ID:\n            exception_class = InvalidSessionIdException\n        elif status in ErrorCode.UNKNOWN_METHOD:\n            exception_class = UnknownMethodException\n        else:\n            exception_class = WebDriverException\n        if not value:\n            value = response[\"value\"]\n        if isinstance(value, str):\n            raise exception_class(value)\n        if message == \"\" and \"message\" in value:\n            message = value[\"message\"]\n    \n        screen = None  # type: ignore[assignment]\n        if \"screen\" in value:\n            screen = value[\"screen\"]\n    \n        stacktrace = None\n        st_value = value.get(\"stackTrace\") or value.get(\"stacktrace\")\n        if st_value:\n            if isinstance(st_value, str):\n                stacktrace = st_value.split(\"\\n\")\n            else:\n                stacktrace = []\n                try:\n                    for frame in st_value:\n                        line = frame.get(\"lineNumber\", \"\")\n                        file = frame.get(\"fileName\", \"<anonymous>\")\n                        if line:\n                            file = f\"{file}:{line}\"\n                        meth = frame.get(\"methodName\", \"<anonymous>\")\n                        if \"className\" in frame:\n                            meth = f\"{frame['className']}.{meth}\"\n                        msg = \"    at %s (%s)\"\n                        msg = msg % (meth, file)\n                        stacktrace.append(msg)\n                except TypeError:\n                    pass\n        if exception_class == UnexpectedAlertPresentException:\n            alert_text = None\n            if \"data\" in value:\n                alert_text = value[\"data\"].get(\"text\")\n            elif \"alert\" in value:\n                alert_text = value[\"alert\"].get(\"text\")\n            raise exception_class(message, screen, stacktrace, alert_text)  # type: ignore[call-arg]  # mypy is not smart enough here\n>       raise exception_class(message, screen, stacktrace)\nE       selenium.common.exceptions.ElementNotInteractableException: Message: element not interactable\nE         (Session info: headless chrome=114.0.5735.198)\nE       Stacktrace:\nE       #0 0x55ce974c84e3 <unknown>\nE       #1 0x55ce971f7b00 <unknown>\nE       #2 0x55ce97234fa1 <unknown>\nE       #3 0x55ce9722a1da <unknown>\nE       #4 0x55ce97253012 <unknown>\nE       #5 0x55ce97229b03 <unknown>\nE       #6 0x55ce972531de <unknown>\nE       #7 0x55ce9726b30e <unknown>\nE       #8 0x55ce97252de3 <unknown>\nE       #9 0x55ce972282dd <unknown>\nE       #10 0x55ce9722934e <unknown>\nE       #11 0x55ce974883e4 <unknown>\nE       #12 0x55ce9748c3d7 <unknown>\nE       #13 0x55ce97496b20 <unknown>\nE       #14 0x55ce9748d023 <unknown>\nE       #15 0x55ce9745b1aa <unknown>\nE       #16 0x55ce974b16b8 <unknown>\nE       #17 0x55ce974b1847 <unknown>\nE       #18 0x55ce974c1243 <unknown>\nE       #19 0x7f394dd43b43 <unknown>\n\n/opt/hostedtoolcache/Python/3.11.4/x64/lib/python3.11/site-packages/selenium/webdriver/remote/errorhandler.py:245: ElementNotInteractableException\n\nDuring handling of the above exception, another exception occurred:\n\n    @allure.tag(\"web\")\n    @allure.severity(Severity.TRIVIAL)\n    @allure.label(\"owner\", \"t-rexamarin\")\n    @allure.feature(\"Задачи в репозитории\")\n    @allure.story(\"Авторизованный пользователь может создать задачу в репозитории\")\n    def test_decorator_steps():\n        open_main_page()\n>       search_for_repository(\"eroshenkoam/allure-example\")\n\ntests/test_decorators.py:15: \n_ _ _ _ _ _ _ _ _ _ _ _ _ _ _ _ _ _ _ _ _ _ _ _ _ _ _ _ _ _ _ _ _ _ _ _ _ _ _ _ \ntests/test_decorators.py:28: in search_for_repository\n    s(\".header-search-button\").click()\n/opt/hostedtoolcache/Python/3.11.4/x64/lib/python3.11/site-packages/selene/core/entity.py:533: in click\n    self.wait.for_(\n/opt/hostedtoolcache/Python/3.11.4/x64/lib/python3.11/site-packages/selene/core/wait.py:143: in for_\n    return self._decorator(self)(logic)(fn)\n_ _ _ _ _ _ _ _ _ _ _ _ _ _ _ _ _ _ _ _ _ _ _ _ _ _ _ _ _ _ _ _ _ _ _ _ _ _ _ _ \n\nfn = <selene.core.wait.Command object at 0x7f9a1640a1d0>\n\n    def logic(fn: Callable[[E], R]) -> R:\n        finish_time = time.time() + self._timeout\n    \n        while True:\n            try:\n                return fn(self.entity)\n            except Exception as reason:\n                if time.time() > finish_time:\n                    reason_message = str(reason)\n    \n                    reason_string = '{name}: {message}'.format(\n                        name=reason.__class__.__name__,\n                        message=reason_message,\n                    )\n                    # TODO: think on how can we improve logging failures in selene, e.g. reverse msg and stacktrace\n                    # stacktrace = getattr(reason, 'stacktrace', None)\n                    timeout = self._timeout\n                    entity = self.entity\n    \n                    failure = TimeoutException(\n                        f'\\n'\n                        f'\\nTimed out after {timeout}s, while waiting for:'\n                        f'\\n{entity}.{fn}'\n                        f'\\n'\n                        f'\\nReason: {reason_string}'\n                    )\n    \n>                   raise self._hook_failure(failure)\nE                   selene.core.exceptions.TimeoutException: Message: \nE                   \nE                   Timed out after 4s, while waiting for:\nE                   browser.element(('css selector', '.header-search-button')).click\nE                   \nE                   Reason: ElementNotInteractableException: Message: element not interactable\nE                     (Session info: headless chrome=114.0.5735.198)\nE                   Stacktrace:\nE                   #0 0x55ce974c84e3 <unknown>\nE                   #1 0x55ce971f7b00 <unknown>\nE                   #2 0x55ce97234fa1 <unknown>\nE                   #3 0x55ce9722a1da <unknown>\nE                   #4 0x55ce97253012 <unknown>\nE                   #5 0x55ce97229b03 <unknown>\nE                   #6 0x55ce972531de <unknown>\nE                   #7 0x55ce9726b30e <unknown>\nE                   #8 0x55ce97252de3 <unknown>\nE                   #9 0x55ce972282dd <unknown>\nE                   #10 0x55ce9722934e <unknown>\nE                   #11 0x55ce974883e4 <unknown>\nE                   #12 0x55ce9748c3d7 <unknown>\nE                   #13 0x55ce97496b20 <unknown>\nE                   #14 0x55ce9748d023 <unknown>\nE                   #15 0x55ce9745b1aa <unknown>\nE                   #16 0x55ce974b16b8 <unknown>\nE                   #17 0x55ce974b1847 <unknown>\nE                   #18 0x55ce974c1243 <unknown>\nE                   #19 0x7f394dd43b43 <unknown>\nE                   \nE                   Screenshot: file:///home/runner/.selene/screenshots/1688895562420/1688895562420.png\nE                   PageSource: file:///home/runner/.selene/screenshots/1688895562420/1688895562420.html\n\n/opt/hostedtoolcache/Python/3.11.4/x64/lib/python3.11/site-packages/selene/core/wait.py:141: TimeoutException","steps":[{"name":"Открываем главную страницу","time":{"start":1688895564266,"stop":1688895565733,"duration":1467},"status":"passed","steps":[],"attachments":[],"parameters":[],"stepsCount":0,"attachmentsCount":0,"shouldDisplayMessage":false,"hasContent":false},{"name":"Ищем репозитория 'eroshenkoam/allure-example'","time":{"start":1688895565733,"stop":1688895569931,"duration":4198},"status":"failed","statusMessage":"selene.core.exceptions.TimeoutException: Message: \n\nTimed out after 4s, while waiting for:\nbrowser.element(('css selector', '.header-search-button')).click\n\nReason: ElementNotInteractableException: Message: element not interactable\n  (Session info: headless chrome=114.0.5735.198)\nStacktrace:\n#0 0x55ce974c84e3 <unknown>\n#1 0x55ce971f7b00 <unknown>\n#2 0x55ce97234fa1 <unknown>\n#3 0x55ce9722a1da <unknown>\n#4 0x55ce97253012 <unknown>\n#5 0x55ce97229b03 <unknown>\n#6 0x55ce972531de <unknown>\n#7 0x55ce9726b30e <unknown>\n#8 0x55ce97252de3 <unknown>\n#9 0x55ce972282dd <unknown>\n#10 0x55ce9722934e <unknown>\n#11 0x55ce974883e4 <unknown>\n#12 0x55ce9748c3d7 <unknown>\n#13 0x55ce97496b20 <unknown>\n#14 0x55ce9748d023 <unknown>\n#15 0x55ce9745b1aa <unknown>\n#16 0x55ce974b16b8 <unknown>\n#17 0x55ce974b1847 <unknown>\n#18 0x55ce974c1243 <unknown>\n#19 0x7f394dd43b43 <unknown>\n\nScreenshot: file:///home/runner/.selene/screenshots/1688895562420/1688895562420.png\nPageSource: file:///home/runner/.selene/screenshots/1688895562420/1688895562420.html\n\n","statusTrace":"  File \"/opt/hostedtoolcache/Python/3.11.4/x64/lib/python3.11/site-packages/allure_commons/_allure.py\", line 192, in impl\n    return func(*a, **kw)\n           ^^^^^^^^^^^^^^\n  File \"/home/runner/work/qaguru/qaguru/tests/test_decorators.py\", line 28, in search_for_repository\n    s(\".header-search-button\").click()\n  File \"/opt/hostedtoolcache/Python/3.11.4/x64/lib/python3.11/site-packages/selene/core/entity.py\", line 533, in click\n    self.wait.for_(\n  File \"/opt/hostedtoolcache/Python/3.11.4/x64/lib/python3.11/site-packages/selene/core/wait.py\", line 143, in for_\n    return self._decorator(self)(logic)(fn)\n           ^^^^^^^^^^^^^^^^^^^^^^^^^^^^^^^^\n  File \"/opt/hostedtoolcache/Python/3.11.4/x64/lib/python3.11/site-packages/selene/core/wait.py\", line 141, in logic\n    raise self._hook_failure(failure)\n","steps":[],"attachments":[],"parameters":[{"name":"repo","value":"'eroshenkoam/allure-example'"}],"stepsCount":0,"attachmentsCount":0,"shouldDisplayMessage":true,"hasContent":true}],"attachments":[{"uid":"707eadef81fdd69c","name":"stderr","source":"707eadef81fdd69c.txt","type":"text/plain","size":252}],"parameters":[],"stepsCount":2,"attachmentsCount":1,"shouldDisplayMessage":true,"hasContent":true},"afterStages":[{"name":"driver::0","time":{"start":1688895570023,"stop":1688895570081,"duration":58},"status":"passed","steps":[],"attachments":[],"parameters":[],"stepsCount":0,"attachmentsCount":0,"shouldDisplayMessage":false,"hasContent":false}],"labels":[{"name":"owner","value":"t-rexamarin"},{"name":"severity","value":"trivial"},{"name":"story","value":"Авторизованный пользователь может создать задачу в репозитории"},{"name":"feature","value":"Задачи в репозитории"},{"name":"tag","value":"web"},{"name":"parentSuite","value":"tests"},{"name":"suite","value":"test_decorators"},{"name":"host","value":"fv-az552-460"},{"name":"thread","value":"2428-MainThread"},{"name":"framework","value":"pytest"},{"name":"language","value":"cpython3"},{"name":"package","value":"tests.test_decorators"},{"name":"resultFormat","value":"allure2"}],"parameters":[],"links":[],"hidden":false,"retry":false,"extra":{"severity":"trivial","owner":"t-rexamarin","retries":[],"categories":[{"name":"Product defects","matchedStatuses":[],"flaky":false}],"history":{"statistic":{"failed":4,"broken":6,"skipped":0,"passed":6,"unknown":0,"total":16},"items":[{"uid":"178762e33f43410a","reportUrl":"https://t-rexamarin.github.io/qaguru/19//#testresult/178762e33f43410a","status":"passed","time":{"start":1688674565235,"stop":1688674570078,"duration":4843}},{"uid":"d1bfb0e7303c826a","reportUrl":"https://t-rexamarin.github.io/qaguru/18//#testresult/d1bfb0e7303c826a","status":"passed","time":{"start":1688674328831,"stop":1688674333192,"duration":4361}},{"uid":"65c9a9187010902f","reportUrl":"https://t-rexamarin.github.io/qaguru/17//#testresult/65c9a9187010902f","status":"broken","statusDetails":"TypeError: 'int' object is not callable","time":{"start":1688674207358,"stop":1688674207358,"duration":0}},{"uid":"219b33e7344a45c5","reportUrl":"https://t-rexamarin.github.io/qaguru/16//#testresult/219b33e7344a45c5","status":"passed","time":{"start":1688674073354,"stop":1688674078899,"duration":5545}},{"uid":"f1a2dfea0b3a84fa","reportUrl":"https://t-rexamarin.github.io/qaguru/16//#testresult/f1a2dfea0b3a84fa","status":"passed","time":{"start":1688673974333,"stop":1688673979274,"duration":4941}},{"uid":"aa0bb291e3c0f1b","reportUrl":"https://t-rexamarin.github.io/qaguru/15//#testresult/aa0bb291e3c0f1b","status":"passed","time":{"start":1688673843658,"stop":1688673848044,"duration":4386}},{"uid":"b0a27b38eb6789fc","reportUrl":"https://t-rexamarin.github.io/qaguru/15//#testresult/b0a27b38eb6789fc","status":"passed","time":{"start":1688673544609,"stop":1688673549324,"duration":4715}},{"uid":"aa870e0e6048361a","reportUrl":"https://t-rexamarin.github.io/qaguru/14//#testresult/aa870e0e6048361a","status":"failed","statusDetails":"selene.core.exceptions.TimeoutException: Message: \n\nTimed out after 4s, while waiting for:\nbrowser.element(('css selector', '.header-search-button')).click\n\nReason: ElementNotInteractableException: Message: element not interactable\n  (Session info: headless chrome=114.0.5735.198)\nStacktrace:\n#0 0x5621ac4ed4e3 <unknown>\n#1 0x5621ac21cb00 <unknown>\n#2 0x5621ac259fa1 <unknown>\n#3 0x5621ac24f1da <unknown>\n#4 0x5621ac278012 <unknown>\n#5 0x5621ac24eb03 <unknown>\n#6 0x5621ac2781de <unknown>\n#7 0x5621ac29030e <unknown>\n#8 0x5621ac277de3 <unknown>\n#9 0x5621ac24d2dd <unknown>\n#10 0x5621ac24e34e <unknown>\n#11 0x5621ac4ad3e4 <unknown>\n#12 0x5621ac4b13d7 <unknown>\n#13 0x5621ac4bbb20 <unknown>\n#14 0x5621ac4b2023 <unknown>\n#15 0x5621ac4801aa <unknown>\n#16 0x5621ac4d66b8 <unknown>\n#17 0x5621ac4d6847 <unknown>\n#18 0x5621ac4e6243 <unknown>\n#19 0x7faaf6ed1b43 <unknown>\n\nScreenshot: file:///home/runner/.selene/screenshots/1688673168102/1688673168102.png\nPageSource: file:///home/runner/.selene/screenshots/1688673168102/1688673168102.html","time":{"start":1688673177318,"stop":1688673184135,"duration":6817}},{"uid":"b428dd802db9e5ec","reportUrl":"https://t-rexamarin.github.io/qaguru/13//#testresult/b428dd802db9e5ec","status":"broken","statusDetails":"selenium.common.exceptions.WebDriverException: Message: unknown error: Chrome failed to start: exited abnormally.\n  (unknown error: DevToolsActivePort file doesn't exist)\n  (The process started from chrome location /usr/bin/google-chrome is no longer running, so ChromeDriver is assuming that Chrome has crashed.)\nStacktrace:\n#0 0x5627b8c864e3 <unknown>\n#1 0x5627b89b5c76 <unknown>\n#2 0x5627b89ded78 <unknown>\n#3 0x5627b89db029 <unknown>\n#4 0x5627b8a19ccc <unknown>\n#5 0x5627b8a1947f <unknown>\n#6 0x5627b8a10de3 <unknown>\n#7 0x5627b89e62dd <unknown>\n#8 0x5627b89e734e <unknown>\n#9 0x5627b8c463e4 <unknown>\n#10 0x5627b8c4a3d7 <unknown>\n#11 0x5627b8c54b20 <unknown>\n#12 0x5627b8c4b023 <unknown>\n#13 0x5627b8c191aa <unknown>\n#14 0x5627b8c6f6b8 <unknown>\n#15 0x5627b8c6f847 <unknown>\n#16 0x5627b8c7f243 <unknown>\n#17 0x7f5796bd0b43 <unknown>","time":{"start":1688672830191,"stop":1688672830191,"duration":0}},{"uid":"cb2f73440423f281","reportUrl":"https://t-rexamarin.github.io/qaguru/11//#testresult/cb2f73440423f281","status":"broken","statusDetails":"selenium.common.exceptions.WebDriverException: Message: unknown error: Chrome failed to start: exited abnormally.\n  (unknown error: DevToolsActivePort file doesn't exist)\n  (The process started from chrome location /usr/bin/google-chrome is no longer running, so ChromeDriver is assuming that Chrome has crashed.)\nStacktrace:\n#0 0x5610532fa4e3 <unknown>\n#1 0x561053029c76 <unknown>\n#2 0x561053052d78 <unknown>\n#3 0x56105304f029 <unknown>\n#4 0x56105308dccc <unknown>\n#5 0x56105308d47f <unknown>\n#6 0x561053084de3 <unknown>\n#7 0x56105305a2dd <unknown>\n#8 0x56105305b34e <unknown>\n#9 0x5610532ba3e4 <unknown>\n#10 0x5610532be3d7 <unknown>\n#11 0x5610532c8b20 <unknown>\n#12 0x5610532bf023 <unknown>\n#13 0x56105328d1aa <unknown>\n#14 0x5610532e36b8 <unknown>\n#15 0x5610532e3847 <unknown>\n#16 0x5610532f3243 <unknown>\n#17 0x7f95642d8b43 <unknown>","time":{"start":1688672435831,"stop":1688672435831,"duration":0}},{"uid":"21d8b0101d8f29df","reportUrl":"https://t-rexamarin.github.io/qaguru/10//#testresult/21d8b0101d8f29df","status":"broken","statusDetails":"selenium.common.exceptions.WebDriverException: Message: unknown error: Chrome failed to start: exited abnormally.\n  (unknown error: DevToolsActivePort file doesn't exist)\n  (The process started from chrome location /usr/bin/google-chrome is no longer running, so ChromeDriver is assuming that Chrome has crashed.)\nStacktrace:\n#0 0x56525a4074e3 <unknown>\n#1 0x56525a136c76 <unknown>\n#2 0x56525a15fd78 <unknown>\n#3 0x56525a15c029 <unknown>\n#4 0x56525a19accc <unknown>\n#5 0x56525a19a47f <unknown>\n#6 0x56525a191de3 <unknown>\n#7 0x56525a1672dd <unknown>\n#8 0x56525a16834e <unknown>\n#9 0x56525a3c73e4 <unknown>\n#10 0x56525a3cb3d7 <unknown>\n#11 0x56525a3d5b20 <unknown>\n#12 0x56525a3cc023 <unknown>\n#13 0x56525a39a1aa <unknown>\n#14 0x56525a3f06b8 <unknown>\n#15 0x56525a3f0847 <unknown>\n#16 0x56525a400243 <unknown>\n#17 0x7f33b1765b43 <unknown>","time":{"start":1688672161068,"stop":1688672161068,"duration":0}},{"uid":"203eb77061f9cd1e","reportUrl":"https://t-rexamarin.github.io/qaguru/9//#testresult/203eb77061f9cd1e","status":"failed","statusDetails":"selene.core.exceptions.TimeoutException: Message: \n\nTimed out after 4s, while waiting for:\nbrowser.element(('css selector', '.header-search-button')).click\n\nReason: ElementNotInteractableException: Message: element not interactable\n  (Session info: headless chrome=114.0.5735.198)\nStacktrace:\n#0 0x556846ebe4e3 <unknown>\n#1 0x556846bedb00 <unknown>\n#2 0x556846c2afa1 <unknown>\n#3 0x556846c201da <unknown>\n#4 0x556846c49012 <unknown>\n#5 0x556846c1fb03 <unknown>\n#6 0x556846c491de <unknown>\n#7 0x556846c6130e <unknown>\n#8 0x556846c48de3 <unknown>\n#9 0x556846c1e2dd <unknown>\n#10 0x556846c1f34e <unknown>\n#11 0x556846e7e3e4 <unknown>\n#12 0x556846e823d7 <unknown>\n#13 0x556846e8cb20 <unknown>\n#14 0x556846e83023 <unknown>\n#15 0x556846e511aa <unknown>\n#16 0x556846ea76b8 <unknown>\n#17 0x556846ea7847 <unknown>\n#18 0x556846eb7243 <unknown>\n#19 0x7f5292554b43 <unknown>\n\nScreenshot: file:///home/runner/.selene/screenshots/1688671581586/1688671581586.png\nPageSource: file:///home/runner/.selene/screenshots/1688671581586/1688671581586.html","time":{"start":1688671583941,"stop":1688671589979,"duration":6038}},{"uid":"241eb95f6f887d83","reportUrl":"https://t-rexamarin.github.io/qaguru/8//#testresult/241eb95f6f887d83","status":"failed","statusDetails":"selene.core.exceptions.TimeoutException: Message: \n\nTimed out after 4s, while waiting for:\nbrowser.element(('css selector', '.header-search-button')).click\n\nReason: ElementNotInteractableException: Message: element not interactable\n  (Session info: headless chrome=114.0.5735.198)\nStacktrace:\n#0 0x55c921e224e3 <unknown>\n#1 0x55c921b51b00 <unknown>\n#2 0x55c921b8efa1 <unknown>\n#3 0x55c921b841da <unknown>\n#4 0x55c921bad012 <unknown>\n#5 0x55c921b83b03 <unknown>\n#6 0x55c921bad1de <unknown>\n#7 0x55c921bc530e <unknown>\n#8 0x55c921bacde3 <unknown>\n#9 0x55c921b822dd <unknown>\n#10 0x55c921b8334e <unknown>\n#11 0x55c921de23e4 <unknown>\n#12 0x55c921de63d7 <unknown>\n#13 0x55c921df0b20 <unknown>\n#14 0x55c921de7023 <unknown>\n#15 0x55c921db51aa <unknown>\n#16 0x55c921e0b6b8 <unknown>\n#17 0x55c921e0b847 <unknown>\n#18 0x55c921e1b243 <unknown>\n#19 0x7fed9e4ceb43 <unknown>\n\nScreenshot: file:///home/runner/.selene/screenshots/1688670590218/1688670590218.png\nPageSource: file:///home/runner/.selene/screenshots/1688670590218/1688670590218.html","time":{"start":1688670592598,"stop":1688670597619,"duration":5021}},{"uid":"63346a32a1178f65","reportUrl":"https://t-rexamarin.github.io/qaguru/7//#testresult/63346a32a1178f65","status":"broken","statusDetails":"selenium.common.exceptions.WebDriverException: Message: unknown error: Chrome failed to start: exited abnormally.\n  (unknown error: DevToolsActivePort file doesn't exist)\n  (The process started from chrome location /usr/bin/google-chrome is no longer running, so ChromeDriver is assuming that Chrome has crashed.)\nStacktrace:\n#0 0x5588c9ebf4e3 <unknown>\n#1 0x5588c9beec76 <unknown>\n#2 0x5588c9c17d78 <unknown>\n#3 0x5588c9c14029 <unknown>\n#4 0x5588c9c52ccc <unknown>\n#5 0x5588c9c5247f <unknown>\n#6 0x5588c9c49de3 <unknown>\n#7 0x5588c9c1f2dd <unknown>\n#8 0x5588c9c2034e <unknown>\n#9 0x5588c9e7f3e4 <unknown>\n#10 0x5588c9e833d7 <unknown>\n#11 0x5588c9e8db20 <unknown>\n#12 0x5588c9e84023 <unknown>\n#13 0x5588c9e521aa <unknown>\n#14 0x5588c9ea86b8 <unknown>\n#15 0x5588c9ea8847 <unknown>\n#16 0x5588c9eb8243 <unknown>\n#17 0x7f52a1c6ab43 <unknown>","time":{"start":1688669608307,"stop":1688669609970,"duration":1663}},{"uid":"928078a9949b090a","reportUrl":"https://t-rexamarin.github.io/qaguru/6//#testresult/928078a9949b090a","status":"broken","statusDetails":"selenium.common.exceptions.WebDriverException: Message: unknown error: Chrome failed to start: exited abnormally.\n  (unknown error: DevToolsActivePort file doesn't exist)\n  (The process started from chrome location /usr/bin/google-chrome is no longer running, so ChromeDriver is assuming that Chrome has crashed.)\nStacktrace:\n#0 0x558c871094e3 <unknown>\n#1 0x558c86e38c76 <unknown>\n#2 0x558c86e61d78 <unknown>\n#3 0x558c86e5e029 <unknown>\n#4 0x558c86e9cccc <unknown>\n#5 0x558c86e9c47f <unknown>\n#6 0x558c86e93de3 <unknown>\n#7 0x558c86e692dd <unknown>\n#8 0x558c86e6a34e <unknown>\n#9 0x558c870c93e4 <unknown>\n#10 0x558c870cd3d7 <unknown>\n#11 0x558c870d7b20 <unknown>\n#12 0x558c870ce023 <unknown>\n#13 0x558c8709c1aa <unknown>\n#14 0x558c870f26b8 <unknown>\n#15 0x558c870f2847 <unknown>\n#16 0x558c87102243 <unknown>\n#17 0x7f88f090eb43 <unknown>","time":{"start":1688668469934,"stop":1688668475653,"duration":5719}}]},"tags":["web"]},"source":"3a48beeb078deec4.json","parameterValues":[]}