{"uid":"4ffe1bab081277df","name":"test_decorator_labels","fullName":"tests.test_labels#test_decorator_labels","historyId":"c523cdf50b1089ff2e96a47805a8515c","time":{"start":1688672163407,"stop":1688672163407,"duration":0},"status":"broken","statusMessage":"selenium.common.exceptions.WebDriverException: Message: unknown error: Chrome failed to start: exited abnormally.\n  (unknown error: DevToolsActivePort file doesn't exist)\n  (The process started from chrome location /usr/bin/google-chrome is no longer running, so ChromeDriver is assuming that Chrome has crashed.)\nStacktrace:\n#0 0x561478da24e3 <unknown>\n#1 0x561478ad1c76 <unknown>\n#2 0x561478afad78 <unknown>\n#3 0x561478af7029 <unknown>\n#4 0x561478b35ccc <unknown>\n#5 0x561478b3547f <unknown>\n#6 0x561478b2cde3 <unknown>\n#7 0x561478b022dd <unknown>\n#8 0x561478b0334e <unknown>\n#9 0x561478d623e4 <unknown>\n#10 0x561478d663d7 <unknown>\n#11 0x561478d70b20 <unknown>\n#12 0x561478d67023 <unknown>\n#13 0x561478d351aa <unknown>\n#14 0x561478d8b6b8 <unknown>\n#15 0x561478d8b847 <unknown>\n#16 0x561478d9b243 <unknown>\n#17 0x7fafff234b43 <unknown>","statusTrace":"@pytest.fixture(autouse=True)\n    def driver():\n        # options = webdriver.ChromeOptions()\n        # options.add_argument(\"--headless\")\n        # browser.config.driver_options = options\n>       browser.config.driver.maximize_window()\n\ntests/conftest.py:11: \n_ _ _ _ _ _ _ _ _ _ _ _ _ _ _ _ _ _ _ _ _ _ _ _ _ _ _ _ _ _ _ _ _ _ _ _ _ _ _ _ \n/opt/hostedtoolcache/Python/3.11.4/x64/lib/python3.11/site-packages/selene/core/configuration.py:345: in __get__\n    driver = config.build_driver_strategy(config)\n/opt/hostedtoolcache/Python/3.11.4/x64/lib/python3.11/site-packages/selene/core/configuration.py:173: in _build_local_driver_by_name_or_remote_by_url_and_options\n    return {  # type: ignore\n/opt/hostedtoolcache/Python/3.11.4/x64/lib/python3.11/site-packages/selene/core/configuration.py:93: in install_and_build_chrome\n    return Chrome(\n/opt/hostedtoolcache/Python/3.11.4/x64/lib/python3.11/site-packages/selenium/webdriver/chrome/webdriver.py:49: in __init__\n    super().__init__(\n/opt/hostedtoolcache/Python/3.11.4/x64/lib/python3.11/site-packages/selenium/webdriver/chromium/webdriver.py:54: in __init__\n    super().__init__(\n/opt/hostedtoolcache/Python/3.11.4/x64/lib/python3.11/site-packages/selenium/webdriver/remote/webdriver.py:206: in __init__\n    self.start_session(capabilities)\n/opt/hostedtoolcache/Python/3.11.4/x64/lib/python3.11/site-packages/selenium/webdriver/remote/webdriver.py:291: in start_session\n    response = self.execute(Command.NEW_SESSION, caps)[\"value\"]\n/opt/hostedtoolcache/Python/3.11.4/x64/lib/python3.11/site-packages/selenium/webdriver/remote/webdriver.py:346: in execute\n    self.error_handler.check_response(response)\n_ _ _ _ _ _ _ _ _ _ _ _ _ _ _ _ _ _ _ _ _ _ _ _ _ _ _ _ _ _ _ _ _ _ _ _ _ _ _ _ \n\nself = <selenium.webdriver.remote.errorhandler.ErrorHandler object at 0x7f655f3dd390>\nresponse = {'status': 500, 'value': '{\"value\":{\"error\":\"unknown error\",\"message\":\"unknown error: Chrome failed to start: exited a...\\\\n#15 0x561478d8b847 \\\\u003Cunknown>\\\\n#16 0x561478d9b243 \\\\u003Cunknown>\\\\n#17 0x7fafff234b43 \\\\u003Cunknown>\\\\n\"}}'}\n\n    def check_response(self, response: Dict[str, Any]) -> None:\n        \"\"\"Checks that a JSON response from the WebDriver does not have an\n        error.\n    \n        :Args:\n         - response - The JSON response from the WebDriver server as a dictionary\n           object.\n    \n        :Raises: If the response contains an error message.\n        \"\"\"\n        status = response.get(\"status\", None)\n        if not status or status == ErrorCode.SUCCESS:\n            return\n        value = None\n        message = response.get(\"message\", \"\")\n        screen: str = response.get(\"screen\", \"\")\n        stacktrace = None\n        if isinstance(status, int):\n            value_json = response.get(\"value\", None)\n            if value_json and isinstance(value_json, str):\n                import json\n    \n                try:\n                    value = json.loads(value_json)\n                    if len(value) == 1:\n                        value = value[\"value\"]\n                    status = value.get(\"error\", None)\n                    if not status:\n                        status = value.get(\"status\", ErrorCode.UNKNOWN_ERROR)\n                        message = value.get(\"value\") or value.get(\"message\")\n                        if not isinstance(message, str):\n                            value = message\n                            message = message.get(\"message\")\n                    else:\n                        message = value.get(\"message\", None)\n                except ValueError:\n                    pass\n    \n        exception_class: Type[WebDriverException]\n        if status in ErrorCode.NO_SUCH_ELEMENT:\n            exception_class = NoSuchElementException\n        elif status in ErrorCode.NO_SUCH_FRAME:\n            exception_class = NoSuchFrameException\n        elif status in ErrorCode.NO_SUCH_SHADOW_ROOT:\n            exception_class = NoSuchShadowRootException\n        elif status in ErrorCode.NO_SUCH_WINDOW:\n            exception_class = NoSuchWindowException\n        elif status in ErrorCode.STALE_ELEMENT_REFERENCE:\n            exception_class = StaleElementReferenceException\n        elif status in ErrorCode.ELEMENT_NOT_VISIBLE:\n            exception_class = ElementNotVisibleException\n        elif status in ErrorCode.INVALID_ELEMENT_STATE:\n            exception_class = InvalidElementStateException\n        elif (\n            status in ErrorCode.INVALID_SELECTOR\n            or status in ErrorCode.INVALID_XPATH_SELECTOR\n            or status in ErrorCode.INVALID_XPATH_SELECTOR_RETURN_TYPER\n        ):\n            exception_class = InvalidSelectorException\n        elif status in ErrorCode.ELEMENT_IS_NOT_SELECTABLE:\n            exception_class = ElementNotSelectableException\n        elif status in ErrorCode.ELEMENT_NOT_INTERACTABLE:\n            exception_class = ElementNotInteractableException\n        elif status in ErrorCode.INVALID_COOKIE_DOMAIN:\n            exception_class = InvalidCookieDomainException\n        elif status in ErrorCode.UNABLE_TO_SET_COOKIE:\n            exception_class = UnableToSetCookieException\n        elif status in ErrorCode.TIMEOUT:\n            exception_class = TimeoutException\n        elif status in ErrorCode.SCRIPT_TIMEOUT:\n            exception_class = TimeoutException\n        elif status in ErrorCode.UNKNOWN_ERROR:\n            exception_class = WebDriverException\n        elif status in ErrorCode.UNEXPECTED_ALERT_OPEN:\n            exception_class = UnexpectedAlertPresentException\n        elif status in ErrorCode.NO_ALERT_OPEN:\n            exception_class = NoAlertPresentException\n        elif status in ErrorCode.IME_NOT_AVAILABLE:\n            exception_class = ImeNotAvailableException\n        elif status in ErrorCode.IME_ENGINE_ACTIVATION_FAILED:\n            exception_class = ImeActivationFailedException\n        elif status in ErrorCode.MOVE_TARGET_OUT_OF_BOUNDS:\n            exception_class = MoveTargetOutOfBoundsException\n        elif status in ErrorCode.JAVASCRIPT_ERROR:\n            exception_class = JavascriptException\n        elif status in ErrorCode.SESSION_NOT_CREATED:\n            exception_class = SessionNotCreatedException\n        elif status in ErrorCode.INVALID_ARGUMENT:\n            exception_class = InvalidArgumentException\n        elif status in ErrorCode.NO_SUCH_COOKIE:\n            exception_class = NoSuchCookieException\n        elif status in ErrorCode.UNABLE_TO_CAPTURE_SCREEN:\n            exception_class = ScreenshotException\n        elif status in ErrorCode.ELEMENT_CLICK_INTERCEPTED:\n            exception_class = ElementClickInterceptedException\n        elif status in ErrorCode.INSECURE_CERTIFICATE:\n            exception_class = InsecureCertificateException\n        elif status in ErrorCode.INVALID_COORDINATES:\n            exception_class = InvalidCoordinatesException\n        elif status in ErrorCode.INVALID_SESSION_ID:\n            exception_class = InvalidSessionIdException\n        elif status in ErrorCode.UNKNOWN_METHOD:\n            exception_class = UnknownMethodException\n        else:\n            exception_class = WebDriverException\n        if not value:\n            value = response[\"value\"]\n        if isinstance(value, str):\n            raise exception_class(value)\n        if message == \"\" and \"message\" in value:\n            message = value[\"message\"]\n    \n        screen = None  # type: ignore[assignment]\n        if \"screen\" in value:\n            screen = value[\"screen\"]\n    \n        stacktrace = None\n        st_value = value.get(\"stackTrace\") or value.get(\"stacktrace\")\n        if st_value:\n            if isinstance(st_value, str):\n                stacktrace = st_value.split(\"\\n\")\n            else:\n                stacktrace = []\n                try:\n                    for frame in st_value:\n                        line = frame.get(\"lineNumber\", \"\")\n                        file = frame.get(\"fileName\", \"<anonymous>\")\n                        if line:\n                            file = f\"{file}:{line}\"\n                        meth = frame.get(\"methodName\", \"<anonymous>\")\n                        if \"className\" in frame:\n                            meth = f\"{frame['className']}.{meth}\"\n                        msg = \"    at %s (%s)\"\n                        msg = msg % (meth, file)\n                        stacktrace.append(msg)\n                except TypeError:\n                    pass\n        if exception_class == UnexpectedAlertPresentException:\n            alert_text = None\n            if \"data\" in value:\n                alert_text = value[\"data\"].get(\"text\")\n            elif \"alert\" in value:\n                alert_text = value[\"alert\"].get(\"text\")\n            raise exception_class(message, screen, stacktrace, alert_text)  # type: ignore[call-arg]  # mypy is not smart enough here\n>       raise exception_class(message, screen, stacktrace)\nE       selenium.common.exceptions.WebDriverException: Message: unknown error: Chrome failed to start: exited abnormally.\nE         (unknown error: DevToolsActivePort file doesn't exist)\nE         (The process started from chrome location /usr/bin/google-chrome is no longer running, so ChromeDriver is assuming that Chrome has crashed.)\nE       Stacktrace:\nE       #0 0x561478da24e3 <unknown>\nE       #1 0x561478ad1c76 <unknown>\nE       #2 0x561478afad78 <unknown>\nE       #3 0x561478af7029 <unknown>\nE       #4 0x561478b35ccc <unknown>\nE       #5 0x561478b3547f <unknown>\nE       #6 0x561478b2cde3 <unknown>\nE       #7 0x561478b022dd <unknown>\nE       #8 0x561478b0334e <unknown>\nE       #9 0x561478d623e4 <unknown>\nE       #10 0x561478d663d7 <unknown>\nE       #11 0x561478d70b20 <unknown>\nE       #12 0x561478d67023 <unknown>\nE       #13 0x561478d351aa <unknown>\nE       #14 0x561478d8b6b8 <unknown>\nE       #15 0x561478d8b847 <unknown>\nE       #16 0x561478d9b243 <unknown>\nE       #17 0x7fafff234b43 <unknown>\n\n/opt/hostedtoolcache/Python/3.11.4/x64/lib/python3.11/site-packages/selenium/webdriver/remote/errorhandler.py:245: WebDriverException","flaky":false,"newFailed":false,"newBroken":true,"newPassed":false,"retriesCount":0,"retriesStatusChange":false,"beforeStages":[{"name":"driver","time":{"start":1688672163407,"stop":1688672164125,"duration":718},"status":"broken","statusMessage":"selenium.common.exceptions.WebDriverException: Message: unknown error: Chrome failed to start: exited abnormally.\n  (unknown error: DevToolsActivePort file doesn't exist)\n  (The process started from chrome location /usr/bin/google-chrome is no longer running, so ChromeDriver is assuming that Chrome has crashed.)\nStacktrace:\n#0 0x561478da24e3 <unknown>\n#1 0x561478ad1c76 <unknown>\n#2 0x561478afad78 <unknown>\n#3 0x561478af7029 <unknown>\n#4 0x561478b35ccc <unknown>\n#5 0x561478b3547f <unknown>\n#6 0x561478b2cde3 <unknown>\n#7 0x561478b022dd <unknown>\n#8 0x561478b0334e <unknown>\n#9 0x561478d623e4 <unknown>\n#10 0x561478d663d7 <unknown>\n#11 0x561478d70b20 <unknown>\n#12 0x561478d67023 <unknown>\n#13 0x561478d351aa <unknown>\n#14 0x561478d8b6b8 <unknown>\n#15 0x561478d8b847 <unknown>\n#16 0x561478d9b243 <unknown>\n#17 0x7fafff234b43 <unknown>\n\n","statusTrace":"  File \"/opt/hostedtoolcache/Python/3.11.4/x64/lib/python3.11/site-packages/pluggy/_callers.py\", line 80, in _multicall\n    res = hook_impl.function(*args)\n          ^^^^^^^^^^^^^^^^^^^^^^^^^\n  File \"/opt/hostedtoolcache/Python/3.11.4/x64/lib/python3.11/site-packages/_pytest/fixtures.py\", line 1123, in pytest_fixture_setup\n    result = call_fixture_func(fixturefunc, request, kwargs)\n             ^^^^^^^^^^^^^^^^^^^^^^^^^^^^^^^^^^^^^^^^^^^^^^^\n  File \"/opt/hostedtoolcache/Python/3.11.4/x64/lib/python3.11/site-packages/_pytest/fixtures.py\", line 902, in call_fixture_func\n    fixture_result = fixturefunc(**kwargs)\n                     ^^^^^^^^^^^^^^^^^^^^^\n  File \"/home/runner/work/qaguru/qaguru/tests/conftest.py\", line 11, in driver\n    browser.config.driver.maximize_window()\n    ^^^^^^^^^^^^^^^^^^^^^\n  File \"/opt/hostedtoolcache/Python/3.11.4/x64/lib/python3.11/site-packages/selene/core/configuration.py\", line 345, in __get__\n    driver = config.build_driver_strategy(config)\n             ^^^^^^^^^^^^^^^^^^^^^^^^^^^^^^^^^^^^\n  File \"/opt/hostedtoolcache/Python/3.11.4/x64/lib/python3.11/site-packages/selene/core/configuration.py\", line 173, in _build_local_driver_by_name_or_remote_by_url_and_options\n    return {  # type: ignore\n           ^^^^^^^^^^^^^^^^^\n  File \"/opt/hostedtoolcache/Python/3.11.4/x64/lib/python3.11/site-packages/selene/core/configuration.py\", line 93, in install_and_build_chrome\n    return Chrome(\n           ^^^^^^^\n  File \"/opt/hostedtoolcache/Python/3.11.4/x64/lib/python3.11/site-packages/selenium/webdriver/chrome/webdriver.py\", line 49, in __init__\n    super().__init__(\n  File \"/opt/hostedtoolcache/Python/3.11.4/x64/lib/python3.11/site-packages/selenium/webdriver/chromium/webdriver.py\", line 54, in __init__\n    super().__init__(\n  File \"/opt/hostedtoolcache/Python/3.11.4/x64/lib/python3.11/site-packages/selenium/webdriver/remote/webdriver.py\", line 206, in __init__\n    self.start_session(capabilities)\n  File \"/opt/hostedtoolcache/Python/3.11.4/x64/lib/python3.11/site-packages/selenium/webdriver/remote/webdriver.py\", line 291, in start_session\n    response = self.execute(Command.NEW_SESSION, caps)[\"value\"]\n               ^^^^^^^^^^^^^^^^^^^^^^^^^^^^^^^^^^^^^^^\n  File \"/opt/hostedtoolcache/Python/3.11.4/x64/lib/python3.11/site-packages/selenium/webdriver/remote/webdriver.py\", line 346, in execute\n    self.error_handler.check_response(response)\n  File \"/opt/hostedtoolcache/Python/3.11.4/x64/lib/python3.11/site-packages/selenium/webdriver/remote/errorhandler.py\", line 245, in check_response\n    raise exception_class(message, screen, stacktrace)\n","steps":[],"attachments":[],"parameters":[],"stepsCount":0,"attachmentsCount":0,"shouldDisplayMessage":true,"hasContent":true}],"afterStages":[],"labels":[{"name":"owner","value":"eroshenkoam"},{"name":"feature","value":"Задачи в репозитории"},{"name":"story","value":"Авторизованный пользователь может создать задачу в репозитории"},{"name":"tag","value":"web"},{"name":"severity","value":"critical"},{"name":"parentSuite","value":"tests"},{"name":"suite","value":"test_labels"},{"name":"host","value":"fv-az341-903"},{"name":"thread","value":"3864-MainThread"},{"name":"framework","value":"pytest"},{"name":"language","value":"cpython3"},{"name":"package","value":"tests.test_labels"},{"name":"resultFormat","value":"allure2"}],"parameters":[],"links":[{"name":"Testing","url":"https://github.com","type":"link"}],"hidden":false,"retry":false,"extra":{"severity":"critical","owner":"eroshenkoam","retries":[],"categories":[{"name":"Test defects","matchedStatuses":[],"flaky":false}],"history":{"statistic":{"failed":0,"broken":1,"skipped":0,"passed":6,"unknown":0,"total":7},"items":[{"uid":"bd19375bee27089c","reportUrl":"https://t-rexamarin.github.io/qaguru/9//#testresult/bd19375bee27089c","status":"passed","time":{"start":1688671590143,"stop":1688671590143,"duration":0}},{"uid":"339ee1918903142d","reportUrl":"https://t-rexamarin.github.io/qaguru/8//#testresult/339ee1918903142d","status":"passed","time":{"start":1688670597723,"stop":1688670597723,"duration":0}},{"uid":"9070703ac1fa6d66","reportUrl":"https://t-rexamarin.github.io/qaguru/7//#testresult/9070703ac1fa6d66","status":"passed","time":{"start":1688669610080,"stop":1688669610080,"duration":0}},{"uid":"822a531d4f4eea4f","reportUrl":"https://t-rexamarin.github.io/qaguru/6//#testresult/822a531d4f4eea4f","status":"passed","time":{"start":1688668475779,"stop":1688668475779,"duration":0}},{"uid":"523c23ca5609c01","reportUrl":"https://t-rexamarin.github.io/qaguru/4//#testresult/523c23ca5609c01","status":"passed","time":{"start":1688667982025,"stop":1688667982025,"duration":0}},{"uid":"d78343815ea5bda9","reportUrl":"https://t-rexamarin.github.io/qaguru/3//#testresult/d78343815ea5bda9","status":"passed","time":{"start":1688662443480,"stop":1688662443480,"duration":0}}]},"tags":["web"]},"source":"4ffe1bab081277df.json","parameterValues":[]}