{"uid":"8fe0a835504ffa2b","name":"test_github","fullName":"tests.test_selene#test_github","historyId":"5167f7c71535600a353c42dca9c39857","time":{"start":1688672164185,"stop":1688672164185,"duration":0},"status":"broken","statusMessage":"selenium.common.exceptions.WebDriverException: Message: unknown error: Chrome failed to start: exited abnormally.\n  (unknown error: DevToolsActivePort file doesn't exist)\n  (The process started from chrome location /usr/bin/google-chrome is no longer running, so ChromeDriver is assuming that Chrome has crashed.)\nStacktrace:\n#0 0x55ab4715b4e3 <unknown>\n#1 0x55ab46e8ac76 <unknown>\n#2 0x55ab46eb3d78 <unknown>\n#3 0x55ab46eb0029 <unknown>\n#4 0x55ab46eeeccc <unknown>\n#5 0x55ab46eee47f <unknown>\n#6 0x55ab46ee5de3 <unknown>\n#7 0x55ab46ebb2dd <unknown>\n#8 0x55ab46ebc34e <unknown>\n#9 0x55ab4711b3e4 <unknown>\n#10 0x55ab4711f3d7 <unknown>\n#11 0x55ab47129b20 <unknown>\n#12 0x55ab47120023 <unknown>\n#13 0x55ab470ee1aa <unknown>\n#14 0x55ab471446b8 <unknown>\n#15 0x55ab47144847 <unknown>\n#16 0x55ab47154243 <unknown>\n#17 0x7ff214097b43 <unknown>","statusTrace":"@pytest.fixture(autouse=True)\n    def driver():\n        # options = webdriver.ChromeOptions()\n        # options.add_argument(\"--headless\")\n        # browser.config.driver_options = options\n>       browser.config.driver.maximize_window()\n\ntests/conftest.py:11: \n_ _ _ _ _ _ _ _ _ _ _ _ _ _ _ _ _ _ _ _ _ _ _ _ _ _ _ _ _ _ _ _ _ _ _ _ _ _ _ _ \n/opt/hostedtoolcache/Python/3.11.4/x64/lib/python3.11/site-packages/selene/core/configuration.py:345: in __get__\n    driver = config.build_driver_strategy(config)\n/opt/hostedtoolcache/Python/3.11.4/x64/lib/python3.11/site-packages/selene/core/configuration.py:173: in _build_local_driver_by_name_or_remote_by_url_and_options\n    return {  # type: ignore\n/opt/hostedtoolcache/Python/3.11.4/x64/lib/python3.11/site-packages/selene/core/configuration.py:93: in install_and_build_chrome\n    return Chrome(\n/opt/hostedtoolcache/Python/3.11.4/x64/lib/python3.11/site-packages/selenium/webdriver/chrome/webdriver.py:49: in __init__\n    super().__init__(\n/opt/hostedtoolcache/Python/3.11.4/x64/lib/python3.11/site-packages/selenium/webdriver/chromium/webdriver.py:54: in __init__\n    super().__init__(\n/opt/hostedtoolcache/Python/3.11.4/x64/lib/python3.11/site-packages/selenium/webdriver/remote/webdriver.py:206: in __init__\n    self.start_session(capabilities)\n/opt/hostedtoolcache/Python/3.11.4/x64/lib/python3.11/site-packages/selenium/webdriver/remote/webdriver.py:291: in start_session\n    response = self.execute(Command.NEW_SESSION, caps)[\"value\"]\n/opt/hostedtoolcache/Python/3.11.4/x64/lib/python3.11/site-packages/selenium/webdriver/remote/webdriver.py:346: in execute\n    self.error_handler.check_response(response)\n_ _ _ _ _ _ _ _ _ _ _ _ _ _ _ _ _ _ _ _ _ _ _ _ _ _ _ _ _ _ _ _ _ _ _ _ _ _ _ _ \n\nself = <selenium.webdriver.remote.errorhandler.ErrorHandler object at 0x7f655f405850>\nresponse = {'status': 500, 'value': '{\"value\":{\"error\":\"unknown error\",\"message\":\"unknown error: Chrome failed to start: exited a...\\\\n#15 0x55ab47144847 \\\\u003Cunknown>\\\\n#16 0x55ab47154243 \\\\u003Cunknown>\\\\n#17 0x7ff214097b43 \\\\u003Cunknown>\\\\n\"}}'}\n\n    def check_response(self, response: Dict[str, Any]) -> None:\n        \"\"\"Checks that a JSON response from the WebDriver does not have an\n        error.\n    \n        :Args:\n         - response - The JSON response from the WebDriver server as a dictionary\n           object.\n    \n        :Raises: If the response contains an error message.\n        \"\"\"\n        status = response.get(\"status\", None)\n        if not status or status == ErrorCode.SUCCESS:\n            return\n        value = None\n        message = response.get(\"message\", \"\")\n        screen: str = response.get(\"screen\", \"\")\n        stacktrace = None\n        if isinstance(status, int):\n            value_json = response.get(\"value\", None)\n            if value_json and isinstance(value_json, str):\n                import json\n    \n                try:\n                    value = json.loads(value_json)\n                    if len(value) == 1:\n                        value = value[\"value\"]\n                    status = value.get(\"error\", None)\n                    if not status:\n                        status = value.get(\"status\", ErrorCode.UNKNOWN_ERROR)\n                        message = value.get(\"value\") or value.get(\"message\")\n                        if not isinstance(message, str):\n                            value = message\n                            message = message.get(\"message\")\n                    else:\n                        message = value.get(\"message\", None)\n                except ValueError:\n                    pass\n    \n        exception_class: Type[WebDriverException]\n        if status in ErrorCode.NO_SUCH_ELEMENT:\n            exception_class = NoSuchElementException\n        elif status in ErrorCode.NO_SUCH_FRAME:\n            exception_class = NoSuchFrameException\n        elif status in ErrorCode.NO_SUCH_SHADOW_ROOT:\n            exception_class = NoSuchShadowRootException\n        elif status in ErrorCode.NO_SUCH_WINDOW:\n            exception_class = NoSuchWindowException\n        elif status in ErrorCode.STALE_ELEMENT_REFERENCE:\n            exception_class = StaleElementReferenceException\n        elif status in ErrorCode.ELEMENT_NOT_VISIBLE:\n            exception_class = ElementNotVisibleException\n        elif status in ErrorCode.INVALID_ELEMENT_STATE:\n            exception_class = InvalidElementStateException\n        elif (\n            status in ErrorCode.INVALID_SELECTOR\n            or status in ErrorCode.INVALID_XPATH_SELECTOR\n            or status in ErrorCode.INVALID_XPATH_SELECTOR_RETURN_TYPER\n        ):\n            exception_class = InvalidSelectorException\n        elif status in ErrorCode.ELEMENT_IS_NOT_SELECTABLE:\n            exception_class = ElementNotSelectableException\n        elif status in ErrorCode.ELEMENT_NOT_INTERACTABLE:\n            exception_class = ElementNotInteractableException\n        elif status in ErrorCode.INVALID_COOKIE_DOMAIN:\n            exception_class = InvalidCookieDomainException\n        elif status in ErrorCode.UNABLE_TO_SET_COOKIE:\n            exception_class = UnableToSetCookieException\n        elif status in ErrorCode.TIMEOUT:\n            exception_class = TimeoutException\n        elif status in ErrorCode.SCRIPT_TIMEOUT:\n            exception_class = TimeoutException\n        elif status in ErrorCode.UNKNOWN_ERROR:\n            exception_class = WebDriverException\n        elif status in ErrorCode.UNEXPECTED_ALERT_OPEN:\n            exception_class = UnexpectedAlertPresentException\n        elif status in ErrorCode.NO_ALERT_OPEN:\n            exception_class = NoAlertPresentException\n        elif status in ErrorCode.IME_NOT_AVAILABLE:\n            exception_class = ImeNotAvailableException\n        elif status in ErrorCode.IME_ENGINE_ACTIVATION_FAILED:\n            exception_class = ImeActivationFailedException\n        elif status in ErrorCode.MOVE_TARGET_OUT_OF_BOUNDS:\n            exception_class = MoveTargetOutOfBoundsException\n        elif status in ErrorCode.JAVASCRIPT_ERROR:\n            exception_class = JavascriptException\n        elif status in ErrorCode.SESSION_NOT_CREATED:\n            exception_class = SessionNotCreatedException\n        elif status in ErrorCode.INVALID_ARGUMENT:\n            exception_class = InvalidArgumentException\n        elif status in ErrorCode.NO_SUCH_COOKIE:\n            exception_class = NoSuchCookieException\n        elif status in ErrorCode.UNABLE_TO_CAPTURE_SCREEN:\n            exception_class = ScreenshotException\n        elif status in ErrorCode.ELEMENT_CLICK_INTERCEPTED:\n            exception_class = ElementClickInterceptedException\n        elif status in ErrorCode.INSECURE_CERTIFICATE:\n            exception_class = InsecureCertificateException\n        elif status in ErrorCode.INVALID_COORDINATES:\n            exception_class = InvalidCoordinatesException\n        elif status in ErrorCode.INVALID_SESSION_ID:\n            exception_class = InvalidSessionIdException\n        elif status in ErrorCode.UNKNOWN_METHOD:\n            exception_class = UnknownMethodException\n        else:\n            exception_class = WebDriverException\n        if not value:\n            value = response[\"value\"]\n        if isinstance(value, str):\n            raise exception_class(value)\n        if message == \"\" and \"message\" in value:\n            message = value[\"message\"]\n    \n        screen = None  # type: ignore[assignment]\n        if \"screen\" in value:\n            screen = value[\"screen\"]\n    \n        stacktrace = None\n        st_value = value.get(\"stackTrace\") or value.get(\"stacktrace\")\n        if st_value:\n            if isinstance(st_value, str):\n                stacktrace = st_value.split(\"\\n\")\n            else:\n                stacktrace = []\n                try:\n                    for frame in st_value:\n                        line = frame.get(\"lineNumber\", \"\")\n                        file = frame.get(\"fileName\", \"<anonymous>\")\n                        if line:\n                            file = f\"{file}:{line}\"\n                        meth = frame.get(\"methodName\", \"<anonymous>\")\n                        if \"className\" in frame:\n                            meth = f\"{frame['className']}.{meth}\"\n                        msg = \"    at %s (%s)\"\n                        msg = msg % (meth, file)\n                        stacktrace.append(msg)\n                except TypeError:\n                    pass\n        if exception_class == UnexpectedAlertPresentException:\n            alert_text = None\n            if \"data\" in value:\n                alert_text = value[\"data\"].get(\"text\")\n            elif \"alert\" in value:\n                alert_text = value[\"alert\"].get(\"text\")\n            raise exception_class(message, screen, stacktrace, alert_text)  # type: ignore[call-arg]  # mypy is not smart enough here\n>       raise exception_class(message, screen, stacktrace)\nE       selenium.common.exceptions.WebDriverException: Message: unknown error: Chrome failed to start: exited abnormally.\nE         (unknown error: DevToolsActivePort file doesn't exist)\nE         (The process started from chrome location /usr/bin/google-chrome is no longer running, so ChromeDriver is assuming that Chrome has crashed.)\nE       Stacktrace:\nE       #0 0x55ab4715b4e3 <unknown>\nE       #1 0x55ab46e8ac76 <unknown>\nE       #2 0x55ab46eb3d78 <unknown>\nE       #3 0x55ab46eb0029 <unknown>\nE       #4 0x55ab46eeeccc <unknown>\nE       #5 0x55ab46eee47f <unknown>\nE       #6 0x55ab46ee5de3 <unknown>\nE       #7 0x55ab46ebb2dd <unknown>\nE       #8 0x55ab46ebc34e <unknown>\nE       #9 0x55ab4711b3e4 <unknown>\nE       #10 0x55ab4711f3d7 <unknown>\nE       #11 0x55ab47129b20 <unknown>\nE       #12 0x55ab47120023 <unknown>\nE       #13 0x55ab470ee1aa <unknown>\nE       #14 0x55ab471446b8 <unknown>\nE       #15 0x55ab47144847 <unknown>\nE       #16 0x55ab47154243 <unknown>\nE       #17 0x7ff214097b43 <unknown>\n\n/opt/hostedtoolcache/Python/3.11.4/x64/lib/python3.11/site-packages/selenium/webdriver/remote/errorhandler.py:245: WebDriverException","flaky":false,"newFailed":false,"newBroken":false,"newPassed":false,"retriesCount":0,"retriesStatusChange":false,"beforeStages":[{"name":"driver","time":{"start":1688672164186,"stop":1688672164898,"duration":712},"status":"broken","statusMessage":"selenium.common.exceptions.WebDriverException: Message: unknown error: Chrome failed to start: exited abnormally.\n  (unknown error: DevToolsActivePort file doesn't exist)\n  (The process started from chrome location /usr/bin/google-chrome is no longer running, so ChromeDriver is assuming that Chrome has crashed.)\nStacktrace:\n#0 0x55ab4715b4e3 <unknown>\n#1 0x55ab46e8ac76 <unknown>\n#2 0x55ab46eb3d78 <unknown>\n#3 0x55ab46eb0029 <unknown>\n#4 0x55ab46eeeccc <unknown>\n#5 0x55ab46eee47f <unknown>\n#6 0x55ab46ee5de3 <unknown>\n#7 0x55ab46ebb2dd <unknown>\n#8 0x55ab46ebc34e <unknown>\n#9 0x55ab4711b3e4 <unknown>\n#10 0x55ab4711f3d7 <unknown>\n#11 0x55ab47129b20 <unknown>\n#12 0x55ab47120023 <unknown>\n#13 0x55ab470ee1aa <unknown>\n#14 0x55ab471446b8 <unknown>\n#15 0x55ab47144847 <unknown>\n#16 0x55ab47154243 <unknown>\n#17 0x7ff214097b43 <unknown>\n\n","statusTrace":"  File \"/opt/hostedtoolcache/Python/3.11.4/x64/lib/python3.11/site-packages/pluggy/_callers.py\", line 80, in _multicall\n    res = hook_impl.function(*args)\n          ^^^^^^^^^^^^^^^^^^^^^^^^^\n  File \"/opt/hostedtoolcache/Python/3.11.4/x64/lib/python3.11/site-packages/_pytest/fixtures.py\", line 1123, in pytest_fixture_setup\n    result = call_fixture_func(fixturefunc, request, kwargs)\n             ^^^^^^^^^^^^^^^^^^^^^^^^^^^^^^^^^^^^^^^^^^^^^^^\n  File \"/opt/hostedtoolcache/Python/3.11.4/x64/lib/python3.11/site-packages/_pytest/fixtures.py\", line 902, in call_fixture_func\n    fixture_result = fixturefunc(**kwargs)\n                     ^^^^^^^^^^^^^^^^^^^^^\n  File \"/home/runner/work/qaguru/qaguru/tests/conftest.py\", line 11, in driver\n    browser.config.driver.maximize_window()\n    ^^^^^^^^^^^^^^^^^^^^^\n  File \"/opt/hostedtoolcache/Python/3.11.4/x64/lib/python3.11/site-packages/selene/core/configuration.py\", line 345, in __get__\n    driver = config.build_driver_strategy(config)\n             ^^^^^^^^^^^^^^^^^^^^^^^^^^^^^^^^^^^^\n  File \"/opt/hostedtoolcache/Python/3.11.4/x64/lib/python3.11/site-packages/selene/core/configuration.py\", line 173, in _build_local_driver_by_name_or_remote_by_url_and_options\n    return {  # type: ignore\n           ^^^^^^^^^^^^^^^^^\n  File \"/opt/hostedtoolcache/Python/3.11.4/x64/lib/python3.11/site-packages/selene/core/configuration.py\", line 93, in install_and_build_chrome\n    return Chrome(\n           ^^^^^^^\n  File \"/opt/hostedtoolcache/Python/3.11.4/x64/lib/python3.11/site-packages/selenium/webdriver/chrome/webdriver.py\", line 49, in __init__\n    super().__init__(\n  File \"/opt/hostedtoolcache/Python/3.11.4/x64/lib/python3.11/site-packages/selenium/webdriver/chromium/webdriver.py\", line 54, in __init__\n    super().__init__(\n  File \"/opt/hostedtoolcache/Python/3.11.4/x64/lib/python3.11/site-packages/selenium/webdriver/remote/webdriver.py\", line 206, in __init__\n    self.start_session(capabilities)\n  File \"/opt/hostedtoolcache/Python/3.11.4/x64/lib/python3.11/site-packages/selenium/webdriver/remote/webdriver.py\", line 291, in start_session\n    response = self.execute(Command.NEW_SESSION, caps)[\"value\"]\n               ^^^^^^^^^^^^^^^^^^^^^^^^^^^^^^^^^^^^^^^\n  File \"/opt/hostedtoolcache/Python/3.11.4/x64/lib/python3.11/site-packages/selenium/webdriver/remote/webdriver.py\", line 346, in execute\n    self.error_handler.check_response(response)\n  File \"/opt/hostedtoolcache/Python/3.11.4/x64/lib/python3.11/site-packages/selenium/webdriver/remote/errorhandler.py\", line 245, in check_response\n    raise exception_class(message, screen, stacktrace)\n","steps":[],"attachments":[],"parameters":[],"stepsCount":0,"attachmentsCount":0,"shouldDisplayMessage":true,"hasContent":true}],"afterStages":[],"labels":[{"name":"story","value":"Находим в репозитории issue с номером 76"},{"name":"parentSuite","value":"tests"},{"name":"suite","value":"test_selene"},{"name":"host","value":"fv-az341-903"},{"name":"thread","value":"3864-MainThread"},{"name":"framework","value":"pytest"},{"name":"language","value":"cpython3"},{"name":"package","value":"tests.test_selene"},{"name":"resultFormat","value":"allure2"}],"parameters":[],"links":[],"hidden":false,"retry":false,"extra":{"severity":"normal","retries":[],"categories":[{"name":"Test defects","matchedStatuses":[],"flaky":false}],"history":{"statistic":{"failed":0,"broken":7,"skipped":0,"passed":0,"unknown":0,"total":7},"items":[{"uid":"23b1d28c373f8357","reportUrl":"https://t-rexamarin.github.io/qaguru/9//#testresult/23b1d28c373f8357","status":"broken","statusDetails":"AttributeError: 'NoneType' object has no attribute 'open'","time":{"start":1688671590150,"stop":1688671590150,"duration":0}},{"uid":"937a15f07ab7d2a","reportUrl":"https://t-rexamarin.github.io/qaguru/8//#testresult/937a15f07ab7d2a","status":"broken","statusDetails":"AttributeError: 'NoneType' object has no attribute 'open'","time":{"start":1688670597726,"stop":1688670597727,"duration":1}},{"uid":"8ca5a919e06d13f5","reportUrl":"https://t-rexamarin.github.io/qaguru/7//#testresult/8ca5a919e06d13f5","status":"broken","statusDetails":"selenium.common.exceptions.WebDriverException: Message: unknown error: Chrome failed to start: exited abnormally.\n  (unknown error: DevToolsActivePort file doesn't exist)\n  (The process started from chrome location /usr/bin/google-chrome is no longer running, so ChromeDriver is assuming that Chrome has crashed.)\nStacktrace:\n#0 0x561998c904e3 <unknown>\n#1 0x5619989bfc76 <unknown>\n#2 0x5619989e8d78 <unknown>\n#3 0x5619989e5029 <unknown>\n#4 0x561998a23ccc <unknown>\n#5 0x561998a2347f <unknown>\n#6 0x561998a1ade3 <unknown>\n#7 0x5619989f02dd <unknown>\n#8 0x5619989f134e <unknown>\n#9 0x561998c503e4 <unknown>\n#10 0x561998c543d7 <unknown>\n#11 0x561998c5eb20 <unknown>\n#12 0x561998c55023 <unknown>\n#13 0x561998c231aa <unknown>\n#14 0x561998c796b8 <unknown>\n#15 0x561998c79847 <unknown>\n#16 0x561998c89243 <unknown>\n#17 0x7efdeb586b43 <unknown>","time":{"start":1688669610081,"stop":1688669610081,"duration":0}},{"uid":"269ab77589ed1ada","reportUrl":"https://t-rexamarin.github.io/qaguru/6//#testresult/269ab77589ed1ada","status":"broken","statusDetails":"selenium.common.exceptions.WebDriverException: Message: unknown error: Chrome failed to start: exited abnormally.\n  (unknown error: DevToolsActivePort file doesn't exist)\n  (The process started from chrome location /usr/bin/google-chrome is no longer running, so ChromeDriver is assuming that Chrome has crashed.)\nStacktrace:\n#0 0x560c090e24e3 <unknown>\n#1 0x560c08e11c76 <unknown>\n#2 0x560c08e3ad78 <unknown>\n#3 0x560c08e37029 <unknown>\n#4 0x560c08e75ccc <unknown>\n#5 0x560c08e7547f <unknown>\n#6 0x560c08e6cde3 <unknown>\n#7 0x560c08e422dd <unknown>\n#8 0x560c08e4334e <unknown>\n#9 0x560c090a23e4 <unknown>\n#10 0x560c090a63d7 <unknown>\n#11 0x560c090b0b20 <unknown>\n#12 0x560c090a7023 <unknown>\n#13 0x560c090751aa <unknown>\n#14 0x560c090cb6b8 <unknown>\n#15 0x560c090cb847 <unknown>\n#16 0x560c090db243 <unknown>\n#17 0x7fdcd5cf0b43 <unknown>","time":{"start":1688668475780,"stop":1688668475780,"duration":0}},{"uid":"8570faaf539135a5","reportUrl":"https://t-rexamarin.github.io/qaguru/4//#testresult/8570faaf539135a5","status":"broken","statusDetails":"selenium.common.exceptions.WebDriverException: Message: unknown error: Chrome failed to start: exited abnormally.\n  (unknown error: DevToolsActivePort file doesn't exist)\n  (The process started from chrome location /usr/bin/google-chrome is no longer running, so ChromeDriver is assuming that Chrome has crashed.)\nStacktrace:\n#0 0x5580d512b4e3 <unknown>\n#1 0x5580d4e5ac76 <unknown>\n#2 0x5580d4e83d78 <unknown>\n#3 0x5580d4e80029 <unknown>\n#4 0x5580d4ebeccc <unknown>\n#5 0x5580d4ebe47f <unknown>\n#6 0x5580d4eb5de3 <unknown>\n#7 0x5580d4e8b2dd <unknown>\n#8 0x5580d4e8c34e <unknown>\n#9 0x5580d50eb3e4 <unknown>\n#10 0x5580d50ef3d7 <unknown>\n#11 0x5580d50f9b20 <unknown>\n#12 0x5580d50f0023 <unknown>\n#13 0x5580d50be1aa <unknown>\n#14 0x5580d51146b8 <unknown>\n#15 0x5580d5114847 <unknown>\n#16 0x5580d5124243 <unknown>\n#17 0x7f089eba7b43 <unknown>","time":{"start":1688667982026,"stop":1688667982026,"duration":0}},{"uid":"4fcf4dea3c3e5172","reportUrl":"https://t-rexamarin.github.io/qaguru/3//#testresult/4fcf4dea3c3e5172","status":"broken","statusDetails":"selenium.common.exceptions.WebDriverException: Message: unknown error: Chrome failed to start: exited abnormally.\n  (unknown error: DevToolsActivePort file doesn't exist)\n  (The process started from chrome location /usr/bin/google-chrome is no longer running, so ChromeDriver is assuming that Chrome has crashed.)\nStacktrace:\n#0 0x5601c9bff4e3 <unknown>\n#1 0x5601c992ec76 <unknown>\n#2 0x5601c9957d78 <unknown>\n#3 0x5601c9954029 <unknown>\n#4 0x5601c9992ccc <unknown>\n#5 0x5601c999247f <unknown>\n#6 0x5601c9989de3 <unknown>\n#7 0x5601c995f2dd <unknown>\n#8 0x5601c996034e <unknown>\n#9 0x5601c9bbf3e4 <unknown>\n#10 0x5601c9bc33d7 <unknown>\n#11 0x5601c9bcdb20 <unknown>\n#12 0x5601c9bc4023 <unknown>\n#13 0x5601c9b921aa <unknown>\n#14 0x5601c9be86b8 <unknown>\n#15 0x5601c9be8847 <unknown>\n#16 0x5601c9bf8243 <unknown>\n#17 0x7fa75b16db43 <unknown>","time":{"start":1688662443481,"stop":1688662443481,"duration":0}}]},"tags":[]},"source":"8fe0a835504ffa2b.json","parameterValues":[]}