{"uid":"5366bc02568a6adb","name":"test_dynamic_steps","fullName":"tests.test_steps#test_dynamic_steps","historyId":"7c7c5e5f20fe2663d33f122f5ce2ca5a","time":{"start":1688673984347,"stop":1688673988613,"duration":4266},"status":"passed","flaky":false,"newFailed":false,"newBroken":false,"newPassed":false,"retriesCount":0,"retriesStatusChange":false,"beforeStages":[{"name":"driver","time":{"start":1688673984344,"stop":1688673984347,"duration":3},"status":"passed","steps":[],"attachments":[],"parameters":[],"stepsCount":0,"attachmentsCount":0,"shouldDisplayMessage":false,"hasContent":false}],"testStage":{"status":"passed","steps":[{"name":"Открываем главную страницу","time":{"start":1688673984347,"stop":1688673985215,"duration":868},"status":"passed","steps":[],"attachments":[],"parameters":[],"stepsCount":0,"attachmentsCount":0,"shouldDisplayMessage":false,"hasContent":false},{"name":"Ищем репозитория","time":{"start":1688673985215,"stop":1688673985621,"duration":406},"status":"passed","steps":[],"attachments":[],"parameters":[],"stepsCount":0,"attachmentsCount":0,"shouldDisplayMessage":false,"hasContent":false},{"name":"Переходим по ссылке репозитория","time":{"start":1688673985621,"stop":1688673987551,"duration":1930},"status":"passed","steps":[],"attachments":[],"parameters":[],"stepsCount":0,"attachmentsCount":0,"shouldDisplayMessage":false,"hasContent":false},{"name":"Открываем таб Issues","time":{"start":1688673987551,"stop":1688673988201,"duration":650},"status":"passed","steps":[],"attachments":[],"parameters":[],"stepsCount":0,"attachmentsCount":0,"shouldDisplayMessage":false,"hasContent":false},{"name":"Проверяем наличие Issue с номером 76","time":{"start":1688673988201,"stop":1688673988613,"duration":412},"status":"passed","steps":[],"attachments":[],"parameters":[],"stepsCount":0,"attachmentsCount":0,"shouldDisplayMessage":false,"hasContent":false}],"attachments":[],"parameters":[],"stepsCount":5,"attachmentsCount":0,"shouldDisplayMessage":false,"hasContent":true},"afterStages":[],"labels":[{"name":"parentSuite","value":"tests"},{"name":"suite","value":"test_steps"},{"name":"host","value":"fv-az560-591"},{"name":"thread","value":"2388-MainThread"},{"name":"framework","value":"pytest"},{"name":"language","value":"cpython3"},{"name":"package","value":"tests.test_steps"},{"name":"resultFormat","value":"allure2"}],"parameters":[],"links":[],"hidden":false,"retry":false,"extra":{"severity":"normal","retries":[],"categories":[],"history":{"statistic":{"failed":4,"broken":7,"skipped":0,"passed":2,"unknown":0,"total":13},"items":[{"uid":"aa62841595b03744","reportUrl":"https://t-rexamarin.github.io/qaguru/15//#testresult/aa62841595b03744","status":"passed","time":{"start":1688673848094,"stop":1688673851171,"duration":3077}},{"uid":"5b1e6e7a11d48cbb","reportUrl":"https://t-rexamarin.github.io/qaguru/15//#testresult/5b1e6e7a11d48cbb","status":"failed","statusDetails":"selene.core.exceptions.TimeoutException: Message: \n\nTimed out after 4s, while waiting for:\nbrowser.element(('link text', 'eroshenkoam/allure-example')).click\n\nReason: NoSuchElementException: Message: no such element: Unable to locate element: {\"method\":\"link text\",\"selector\":\"eroshenkoam/allure-example\"}\n  (Session info: headless chrome=114.0.5735.198); For documentation on this error, please visit: https://www.selenium.dev/documentation/webdriver/troubleshooting/errors#no-such-element-exception\nStacktrace:\n#0 0x560d112b34e3 <unknown>\n#1 0x560d10fe2c76 <unknown>\n#2 0x560d1101ec96 <unknown>\n#3 0x560d1101edc1 <unknown>\n#4 0x560d110587f4 <unknown>\n#5 0x560d1103e03d <unknown>\n#6 0x560d1105630e <unknown>\n#7 0x560d1103dde3 <unknown>\n#8 0x560d110132dd <unknown>\n#9 0x560d1101434e <unknown>\n#10 0x560d112733e4 <unknown>\n#11 0x560d112773d7 <unknown>\n#12 0x560d11281b20 <unknown>\n#13 0x560d11278023 <unknown>\n#14 0x560d112461aa <unknown>\n#15 0x560d1129c6b8 <unknown>\n#16 0x560d1129c847 <unknown>\n#17 0x560d112ac243 <unknown>\n#18 0x7fcf8199bb43 <unknown>\n\nScreenshot: file:///home/runner/.selene/screenshots/1688673542857/1688673542857.png\nPageSource: file:///home/runner/.selene/screenshots/1688673542857/1688673542857.html","time":{"start":1688673549374,"stop":1688673554387,"duration":5013}},{"uid":"3da6a3eee38e3906","reportUrl":"https://t-rexamarin.github.io/qaguru/14//#testresult/3da6a3eee38e3906","status":"failed","statusDetails":"selene.core.exceptions.TimeoutException: Message: \n\nTimed out after 4s, while waiting for:\nbrowser.element(('css selector', '.header-search-button')).click\n\nReason: ElementNotInteractableException: Message: element not interactable\n  (Session info: headless chrome=114.0.5735.198)\nStacktrace:\n#0 0x5621ac4ed4e3 <unknown>\n#1 0x5621ac21cb00 <unknown>\n#2 0x5621ac259fa1 <unknown>\n#3 0x5621ac24f1da <unknown>\n#4 0x5621ac278012 <unknown>\n#5 0x5621ac24eb03 <unknown>\n#6 0x5621ac2781de <unknown>\n#7 0x5621ac29030e <unknown>\n#8 0x5621ac277de3 <unknown>\n#9 0x5621ac24d2dd <unknown>\n#10 0x5621ac24e34e <unknown>\n#11 0x5621ac4ad3e4 <unknown>\n#12 0x5621ac4b13d7 <unknown>\n#13 0x5621ac4bbb20 <unknown>\n#14 0x5621ac4b2023 <unknown>\n#15 0x5621ac4801aa <unknown>\n#16 0x5621ac4d66b8 <unknown>\n#17 0x5621ac4d6847 <unknown>\n#18 0x5621ac4e6243 <unknown>\n#19 0x7faaf6ed1b43 <unknown>\n\nScreenshot: file:///home/runner/.selene/screenshots/1688673168102/1688673168103.png\nPageSource: file:///home/runner/.selene/screenshots/1688673168102/1688673168103.html","time":{"start":1688673184259,"stop":1688673189090,"duration":4831}},{"uid":"4e2a4796a74b44e","reportUrl":"https://t-rexamarin.github.io/qaguru/13//#testresult/4e2a4796a74b44e","status":"broken","statusDetails":"selenium.common.exceptions.WebDriverException: Message: unknown error: Chrome failed to start: exited abnormally.\n  (unknown error: DevToolsActivePort file doesn't exist)\n  (The process started from chrome location /usr/bin/google-chrome is no longer running, so ChromeDriver is assuming that Chrome has crashed.)\nStacktrace:\n#0 0x55b3227704e3 <unknown>\n#1 0x55b32249fc76 <unknown>\n#2 0x55b3224c8d78 <unknown>\n#3 0x55b3224c5029 <unknown>\n#4 0x55b322503ccc <unknown>\n#5 0x55b32250347f <unknown>\n#6 0x55b3224fade3 <unknown>\n#7 0x55b3224d02dd <unknown>\n#8 0x55b3224d134e <unknown>\n#9 0x55b3227303e4 <unknown>\n#10 0x55b3227343d7 <unknown>\n#11 0x55b32273eb20 <unknown>\n#12 0x55b322735023 <unknown>\n#13 0x55b3227031aa <unknown>\n#14 0x55b3227596b8 <unknown>\n#15 0x55b322759847 <unknown>\n#16 0x55b322769243 <unknown>\n#17 0x7f3245d96b43 <unknown>","time":{"start":1688672833693,"stop":1688672833693,"duration":0}},{"uid":"406564006c832465","reportUrl":"https://t-rexamarin.github.io/qaguru/11//#testresult/406564006c832465","status":"broken","statusDetails":"selenium.common.exceptions.WebDriverException: Message: unknown error: Chrome failed to start: exited abnormally.\n  (unknown error: DevToolsActivePort file doesn't exist)\n  (The process started from chrome location /usr/bin/google-chrome is no longer running, so ChromeDriver is assuming that Chrome has crashed.)\nStacktrace:\n#0 0x55c34cc034e3 <unknown>\n#1 0x55c34c932c76 <unknown>\n#2 0x55c34c95bd78 <unknown>\n#3 0x55c34c958029 <unknown>\n#4 0x55c34c996ccc <unknown>\n#5 0x55c34c99647f <unknown>\n#6 0x55c34c98dde3 <unknown>\n#7 0x55c34c9632dd <unknown>\n#8 0x55c34c96434e <unknown>\n#9 0x55c34cbc33e4 <unknown>\n#10 0x55c34cbc73d7 <unknown>\n#11 0x55c34cbd1b20 <unknown>\n#12 0x55c34cbc8023 <unknown>\n#13 0x55c34cb961aa <unknown>\n#14 0x55c34cbec6b8 <unknown>\n#15 0x55c34cbec847 <unknown>\n#16 0x55c34cbfc243 <unknown>\n#17 0x7fe4c5d37b43 <unknown>","time":{"start":1688672439480,"stop":1688672439480,"duration":0}},{"uid":"112853ecf5e155b1","reportUrl":"https://t-rexamarin.github.io/qaguru/10//#testresult/112853ecf5e155b1","status":"broken","statusDetails":"selenium.common.exceptions.WebDriverException: Message: unknown error: Chrome failed to start: exited abnormally.\n  (unknown error: DevToolsActivePort file doesn't exist)\n  (The process started from chrome location /usr/bin/google-chrome is no longer running, so ChromeDriver is assuming that Chrome has crashed.)\nStacktrace:\n#0 0x561af110f4e3 <unknown>\n#1 0x561af0e3ec76 <unknown>\n#2 0x561af0e67d78 <unknown>\n#3 0x561af0e64029 <unknown>\n#4 0x561af0ea2ccc <unknown>\n#5 0x561af0ea247f <unknown>\n#6 0x561af0e99de3 <unknown>\n#7 0x561af0e6f2dd <unknown>\n#8 0x561af0e7034e <unknown>\n#9 0x561af10cf3e4 <unknown>\n#10 0x561af10d33d7 <unknown>\n#11 0x561af10ddb20 <unknown>\n#12 0x561af10d4023 <unknown>\n#13 0x561af10a21aa <unknown>\n#14 0x561af10f86b8 <unknown>\n#15 0x561af10f8847 <unknown>\n#16 0x561af1108243 <unknown>\n#17 0x7f8046f48b43 <unknown>","time":{"start":1688672164961,"stop":1688672164961,"duration":0}},{"uid":"ad87098ed394c24c","reportUrl":"https://t-rexamarin.github.io/qaguru/9//#testresult/ad87098ed394c24c","status":"failed","statusDetails":"selene.core.exceptions.TimeoutException: Message: \n\nTimed out after 4s, while waiting for:\nbrowser.element(('css selector', '.header-search-button')).click\n\nReason: ElementNotInteractableException: Message: element not interactable\n  (Session info: headless chrome=114.0.5735.198)\nStacktrace:\n#0 0x556846ebe4e3 <unknown>\n#1 0x556846bedb00 <unknown>\n#2 0x556846c2afa1 <unknown>\n#3 0x556846c201da <unknown>\n#4 0x556846c49012 <unknown>\n#5 0x556846c1fb03 <unknown>\n#6 0x556846c491de <unknown>\n#7 0x556846c6130e <unknown>\n#8 0x556846c48de3 <unknown>\n#9 0x556846c1e2dd <unknown>\n#10 0x556846c1f34e <unknown>\n#11 0x556846e7e3e4 <unknown>\n#12 0x556846e823d7 <unknown>\n#13 0x556846e8cb20 <unknown>\n#14 0x556846e83023 <unknown>\n#15 0x556846e511aa <unknown>\n#16 0x556846ea76b8 <unknown>\n#17 0x556846ea7847 <unknown>\n#18 0x556846eb7243 <unknown>\n#19 0x7f5292554b43 <unknown>\n\nScreenshot: file:///home/runner/.selene/screenshots/1688671581586/1688671581587.png\nPageSource: file:///home/runner/.selene/screenshots/1688671581586/1688671581587.html","time":{"start":1688671590158,"stop":1688671595272,"duration":5114}},{"uid":"3c953886d8c5fdc5","reportUrl":"https://t-rexamarin.github.io/qaguru/8//#testresult/3c953886d8c5fdc5","status":"failed","statusDetails":"selene.core.exceptions.TimeoutException: Message: \n\nTimed out after 4s, while waiting for:\nbrowser.element(('css selector', '.header-search-button')).click\n\nReason: ElementNotInteractableException: Message: element not interactable\n  (Session info: headless chrome=114.0.5735.198)\nStacktrace:\n#0 0x55c921e224e3 <unknown>\n#1 0x55c921b51b00 <unknown>\n#2 0x55c921b8efa1 <unknown>\n#3 0x55c921b841da <unknown>\n#4 0x55c921bad012 <unknown>\n#5 0x55c921b83b03 <unknown>\n#6 0x55c921bad1de <unknown>\n#7 0x55c921bc530e <unknown>\n#8 0x55c921bacde3 <unknown>\n#9 0x55c921b822dd <unknown>\n#10 0x55c921b8334e <unknown>\n#11 0x55c921de23e4 <unknown>\n#12 0x55c921de63d7 <unknown>\n#13 0x55c921df0b20 <unknown>\n#14 0x55c921de7023 <unknown>\n#15 0x55c921db51aa <unknown>\n#16 0x55c921e0b6b8 <unknown>\n#17 0x55c921e0b847 <unknown>\n#18 0x55c921e1b243 <unknown>\n#19 0x7fed9e4ceb43 <unknown>\n\nScreenshot: file:///home/runner/.selene/screenshots/1688670590218/1688670590219.png\nPageSource: file:///home/runner/.selene/screenshots/1688670590218/1688670590219.html","time":{"start":1688670597731,"stop":1688670602265,"duration":4534}},{"uid":"6c407880d5b9f195","reportUrl":"https://t-rexamarin.github.io/qaguru/7//#testresult/6c407880d5b9f195","status":"broken","statusDetails":"selenium.common.exceptions.WebDriverException: Message: unknown error: Chrome failed to start: exited abnormally.\n  (unknown error: DevToolsActivePort file doesn't exist)\n  (The process started from chrome location /usr/bin/google-chrome is no longer running, so ChromeDriver is assuming that Chrome has crashed.)\nStacktrace:\n#0 0x564456c304e3 <unknown>\n#1 0x56445695fc76 <unknown>\n#2 0x564456988d78 <unknown>\n#3 0x564456985029 <unknown>\n#4 0x5644569c3ccc <unknown>\n#5 0x5644569c347f <unknown>\n#6 0x5644569bade3 <unknown>\n#7 0x5644569902dd <unknown>\n#8 0x56445699134e <unknown>\n#9 0x564456bf03e4 <unknown>\n#10 0x564456bf43d7 <unknown>\n#11 0x564456bfeb20 <unknown>\n#12 0x564456bf5023 <unknown>\n#13 0x564456bc31aa <unknown>\n#14 0x564456c196b8 <unknown>\n#15 0x564456c19847 <unknown>\n#16 0x564456c29243 <unknown>\n#17 0x7fba30c2cb43 <unknown>","time":{"start":1688669610777,"stop":1688669611421,"duration":644}},{"uid":"23361f39ea6e7a35","reportUrl":"https://t-rexamarin.github.io/qaguru/6//#testresult/23361f39ea6e7a35","status":"broken","statusDetails":"selenium.common.exceptions.WebDriverException: Message: unknown error: Chrome failed to start: exited abnormally.\n  (unknown error: DevToolsActivePort file doesn't exist)\n  (The process started from chrome location /usr/bin/google-chrome is no longer running, so ChromeDriver is assuming that Chrome has crashed.)\nStacktrace:\n#0 0x56367bf674e3 <unknown>\n#1 0x56367bc96c76 <unknown>\n#2 0x56367bcbfd78 <unknown>\n#3 0x56367bcbc029 <unknown>\n#4 0x56367bcfaccc <unknown>\n#5 0x56367bcfa47f <unknown>\n#6 0x56367bcf1de3 <unknown>\n#7 0x56367bcc72dd <unknown>\n#8 0x56367bcc834e <unknown>\n#9 0x56367bf273e4 <unknown>\n#10 0x56367bf2b3d7 <unknown>\n#11 0x56367bf35b20 <unknown>\n#12 0x56367bf2c023 <unknown>\n#13 0x56367befa1aa <unknown>\n#14 0x56367bf506b8 <unknown>\n#15 0x56367bf50847 <unknown>\n#16 0x56367bf60243 <unknown>\n#17 0x7f1d5323ab43 <unknown>","time":{"start":1688668476495,"stop":1688668477148,"duration":653}},{"uid":"af2c58d3ba6ec0d6","reportUrl":"https://t-rexamarin.github.io/qaguru/4//#testresult/af2c58d3ba6ec0d6","status":"broken","statusDetails":"selenium.common.exceptions.WebDriverException: Message: unknown error: Chrome failed to start: exited abnormally.\n  (unknown error: DevToolsActivePort file doesn't exist)\n  (The process started from chrome location /usr/bin/google-chrome is no longer running, so ChromeDriver is assuming that Chrome has crashed.)\nStacktrace:\n#0 0x559b40fe44e3 <unknown>\n#1 0x559b40d13c76 <unknown>\n#2 0x559b40d3cd78 <unknown>\n#3 0x559b40d39029 <unknown>\n#4 0x559b40d77ccc <unknown>\n#5 0x559b40d7747f <unknown>\n#6 0x559b40d6ede3 <unknown>\n#7 0x559b40d442dd <unknown>\n#8 0x559b40d4534e <unknown>\n#9 0x559b40fa43e4 <unknown>\n#10 0x559b40fa83d7 <unknown>\n#11 0x559b40fb2b20 <unknown>\n#12 0x559b40fa9023 <unknown>\n#13 0x559b40f771aa <unknown>\n#14 0x559b40fcd6b8 <unknown>\n#15 0x559b40fcd847 <unknown>\n#16 0x559b40fdd243 <unknown>\n#17 0x7f6f6a30eb43 <unknown>","time":{"start":1688667984100,"stop":1688667984746,"duration":646}},{"uid":"be4b7624d86fbafa","reportUrl":"https://t-rexamarin.github.io/qaguru/3//#testresult/be4b7624d86fbafa","status":"broken","statusDetails":"selenium.common.exceptions.WebDriverException: Message: unknown error: Chrome failed to start: exited abnormally.\n  (unknown error: DevToolsActivePort file doesn't exist)\n  (The process started from chrome location /usr/bin/google-chrome is no longer running, so ChromeDriver is assuming that Chrome has crashed.)\nStacktrace:\n#0 0x5555f335c4e3 <unknown>\n#1 0x5555f308bc76 <unknown>\n#2 0x5555f30b4d78 <unknown>\n#3 0x5555f30b1029 <unknown>\n#4 0x5555f30efccc <unknown>\n#5 0x5555f30ef47f <unknown>\n#6 0x5555f30e6de3 <unknown>\n#7 0x5555f30bc2dd <unknown>\n#8 0x5555f30bd34e <unknown>\n#9 0x5555f331c3e4 <unknown>\n#10 0x5555f33203d7 <unknown>\n#11 0x5555f332ab20 <unknown>\n#12 0x5555f3321023 <unknown>\n#13 0x5555f32ef1aa <unknown>\n#14 0x5555f33456b8 <unknown>\n#15 0x5555f3345847 <unknown>\n#16 0x5555f3355243 <unknown>\n#17 0x7f551eafbb43 <unknown>","time":{"start":1688662445452,"stop":1688662446102,"duration":650}}]},"tags":[]},"source":"5366bc02568a6adb.json","parameterValues":[]}