{"uid":"2614fec347b4702c","name":"test_decorator_labels","fullName":"tests.test_labels#test_decorator_labels","historyId":"c523cdf50b1089ff2e96a47805a8515c","time":{"start":1688674207374,"stop":1688674207374,"duration":0},"status":"broken","statusMessage":"TypeError: 'int' object is not callable","statusTrace":"@pytest.fixture(autouse=True)\n    def driver():\n        options = webdriver.ChromeOptions()\n        options.add_argument(\"--headless\")\n        options.add_argument(\"--disable-gpu\")\n        options.add_argument((\"--window-size=1920,1080\"))\n        options.add_argument(\"--start-maximized\")\n>       browser.config.timeout(10)\nE       TypeError: 'int' object is not callable\n\ntests/conftest.py:13: TypeError","flaky":false,"newFailed":false,"newBroken":true,"newPassed":false,"retriesCount":0,"retriesStatusChange":false,"beforeStages":[{"name":"driver","time":{"start":1688674207375,"stop":1688674207375,"duration":0},"status":"broken","statusMessage":"TypeError: 'int' object is not callable\n","statusTrace":"  File \"/opt/hostedtoolcache/Python/3.11.4/x64/lib/python3.11/site-packages/pluggy/_callers.py\", line 80, in _multicall\n    res = hook_impl.function(*args)\n          ^^^^^^^^^^^^^^^^^^^^^^^^^\n  File \"/opt/hostedtoolcache/Python/3.11.4/x64/lib/python3.11/site-packages/_pytest/fixtures.py\", line 1123, in pytest_fixture_setup\n    result = call_fixture_func(fixturefunc, request, kwargs)\n             ^^^^^^^^^^^^^^^^^^^^^^^^^^^^^^^^^^^^^^^^^^^^^^^\n  File \"/opt/hostedtoolcache/Python/3.11.4/x64/lib/python3.11/site-packages/_pytest/fixtures.py\", line 902, in call_fixture_func\n    fixture_result = fixturefunc(**kwargs)\n                     ^^^^^^^^^^^^^^^^^^^^^\n  File \"/home/runner/work/qaguru/qaguru/tests/conftest.py\", line 13, in driver\n    browser.config.timeout(10)\n","steps":[],"attachments":[],"parameters":[],"stepsCount":0,"attachmentsCount":0,"shouldDisplayMessage":true,"hasContent":true}],"afterStages":[],"labels":[{"name":"story","value":"Авторизованный пользователь может создать задачу в репозитории"},{"name":"tag","value":"web"},{"name":"feature","value":"Задачи в репозитории"},{"name":"owner","value":"eroshenkoam"},{"name":"severity","value":"critical"},{"name":"parentSuite","value":"tests"},{"name":"suite","value":"test_labels"},{"name":"host","value":"fv-az572-333"},{"name":"thread","value":"2383-MainThread"},{"name":"framework","value":"pytest"},{"name":"language","value":"cpython3"},{"name":"package","value":"tests.test_labels"},{"name":"resultFormat","value":"allure2"}],"parameters":[],"links":[{"name":"Testing","url":"https://github.com","type":"link"}],"hidden":false,"retry":false,"extra":{"severity":"critical","owner":"eroshenkoam","retries":[],"categories":[{"name":"Test defects","matchedStatuses":[],"flaky":false}],"history":{"statistic":{"failed":0,"broken":4,"skipped":0,"passed":11,"unknown":0,"total":15},"items":[{"uid":"37184a7bcd8bf1f0","reportUrl":"https://t-rexamarin.github.io/qaguru/16//#testresult/37184a7bcd8bf1f0","status":"passed","time":{"start":1688674078915,"stop":1688674078915,"duration":0}},{"uid":"50c1aed57871b7d","reportUrl":"https://t-rexamarin.github.io/qaguru/16//#testresult/50c1aed57871b7d","status":"passed","time":{"start":1688673979286,"stop":1688673979286,"duration":0}},{"uid":"1a17f70a12dd89a0","reportUrl":"https://t-rexamarin.github.io/qaguru/15//#testresult/1a17f70a12dd89a0","status":"passed","time":{"start":1688673848055,"stop":1688673848056,"duration":1}},{"uid":"8f773d471622bea8","reportUrl":"https://t-rexamarin.github.io/qaguru/15//#testresult/8f773d471622bea8","status":"passed","time":{"start":1688673549336,"stop":1688673549337,"duration":1}},{"uid":"f4fd29a6b0c2697c","reportUrl":"https://t-rexamarin.github.io/qaguru/14//#testresult/f4fd29a6b0c2697c","status":"passed","time":{"start":1688673184250,"stop":1688673184250,"duration":0}},{"uid":"8c010abec6e6ccff","reportUrl":"https://t-rexamarin.github.io/qaguru/13//#testresult/8c010abec6e6ccff","status":"broken","statusDetails":"selenium.common.exceptions.WebDriverException: Message: unknown error: Chrome failed to start: exited abnormally.\n  (unknown error: DevToolsActivePort file doesn't exist)\n  (The process started from chrome location /usr/bin/google-chrome is no longer running, so ChromeDriver is assuming that Chrome has crashed.)\nStacktrace:\n#0 0x559b3dde14e3 <unknown>\n#1 0x559b3db10c76 <unknown>\n#2 0x559b3db39d78 <unknown>\n#3 0x559b3db36029 <unknown>\n#4 0x559b3db74ccc <unknown>\n#5 0x559b3db7447f <unknown>\n#6 0x559b3db6bde3 <unknown>\n#7 0x559b3db412dd <unknown>\n#8 0x559b3db4234e <unknown>\n#9 0x559b3dda13e4 <unknown>\n#10 0x559b3dda53d7 <unknown>\n#11 0x559b3ddafb20 <unknown>\n#12 0x559b3dda6023 <unknown>\n#13 0x559b3dd741aa <unknown>\n#14 0x559b3ddca6b8 <unknown>\n#15 0x559b3ddca847 <unknown>\n#16 0x559b3ddda243 <unknown>\n#17 0x7f4d9a243b43 <unknown>","time":{"start":1688672832294,"stop":1688672832294,"duration":0}},{"uid":"e484db4b79793fc6","reportUrl":"https://t-rexamarin.github.io/qaguru/11//#testresult/e484db4b79793fc6","status":"broken","statusDetails":"selenium.common.exceptions.WebDriverException: Message: unknown error: Chrome failed to start: exited abnormally.\n  (unknown error: DevToolsActivePort file doesn't exist)\n  (The process started from chrome location /usr/bin/google-chrome is no longer running, so ChromeDriver is assuming that Chrome has crashed.)\nStacktrace:\n#0 0x5611b65a04e3 <unknown>\n#1 0x5611b62cfc76 <unknown>\n#2 0x5611b62f8d78 <unknown>\n#3 0x5611b62f5029 <unknown>\n#4 0x5611b6333ccc <unknown>\n#5 0x5611b633347f <unknown>\n#6 0x5611b632ade3 <unknown>\n#7 0x5611b63002dd <unknown>\n#8 0x5611b630134e <unknown>\n#9 0x5611b65603e4 <unknown>\n#10 0x5611b65643d7 <unknown>\n#11 0x5611b656eb20 <unknown>\n#12 0x5611b6565023 <unknown>\n#13 0x5611b65331aa <unknown>\n#14 0x5611b65896b8 <unknown>\n#15 0x5611b6589847 <unknown>\n#16 0x5611b6599243 <unknown>\n#17 0x7f8ee5f61b43 <unknown>","time":{"start":1688672437986,"stop":1688672437986,"duration":0}},{"uid":"4ffe1bab081277df","reportUrl":"https://t-rexamarin.github.io/qaguru/10//#testresult/4ffe1bab081277df","status":"broken","statusDetails":"selenium.common.exceptions.WebDriverException: Message: unknown error: Chrome failed to start: exited abnormally.\n  (unknown error: DevToolsActivePort file doesn't exist)\n  (The process started from chrome location /usr/bin/google-chrome is no longer running, so ChromeDriver is assuming that Chrome has crashed.)\nStacktrace:\n#0 0x561478da24e3 <unknown>\n#1 0x561478ad1c76 <unknown>\n#2 0x561478afad78 <unknown>\n#3 0x561478af7029 <unknown>\n#4 0x561478b35ccc <unknown>\n#5 0x561478b3547f <unknown>\n#6 0x561478b2cde3 <unknown>\n#7 0x561478b022dd <unknown>\n#8 0x561478b0334e <unknown>\n#9 0x561478d623e4 <unknown>\n#10 0x561478d663d7 <unknown>\n#11 0x561478d70b20 <unknown>\n#12 0x561478d67023 <unknown>\n#13 0x561478d351aa <unknown>\n#14 0x561478d8b6b8 <unknown>\n#15 0x561478d8b847 <unknown>\n#16 0x561478d9b243 <unknown>\n#17 0x7fafff234b43 <unknown>","time":{"start":1688672163407,"stop":1688672163407,"duration":0}},{"uid":"bd19375bee27089c","reportUrl":"https://t-rexamarin.github.io/qaguru/9//#testresult/bd19375bee27089c","status":"passed","time":{"start":1688671590143,"stop":1688671590143,"duration":0}},{"uid":"339ee1918903142d","reportUrl":"https://t-rexamarin.github.io/qaguru/8//#testresult/339ee1918903142d","status":"passed","time":{"start":1688670597723,"stop":1688670597723,"duration":0}},{"uid":"9070703ac1fa6d66","reportUrl":"https://t-rexamarin.github.io/qaguru/7//#testresult/9070703ac1fa6d66","status":"passed","time":{"start":1688669610080,"stop":1688669610080,"duration":0}},{"uid":"822a531d4f4eea4f","reportUrl":"https://t-rexamarin.github.io/qaguru/6//#testresult/822a531d4f4eea4f","status":"passed","time":{"start":1688668475779,"stop":1688668475779,"duration":0}},{"uid":"523c23ca5609c01","reportUrl":"https://t-rexamarin.github.io/qaguru/4//#testresult/523c23ca5609c01","status":"passed","time":{"start":1688667982025,"stop":1688667982025,"duration":0}},{"uid":"d78343815ea5bda9","reportUrl":"https://t-rexamarin.github.io/qaguru/3//#testresult/d78343815ea5bda9","status":"passed","time":{"start":1688662443480,"stop":1688662443480,"duration":0}}]},"tags":["web"]},"source":"2614fec347b4702c.json","parameterValues":[]}