{"uid":"81ab54998dda316b","name":"test_github","fullName":"tests.test_selene#test_github","historyId":"5167f7c71535600a353c42dca9c39857","time":{"start":1688674333208,"stop":1688674344158,"duration":10950},"status":"failed","statusMessage":"selene.core.exceptions.TimeoutException: Message: \n\nTimed out after 10s, while waiting for:\nbrowser.element(('css selector', '.header-search-input')).click\n\nReason: NoSuchElementException: Message: no such element: Unable to locate element: {\"method\":\"css selector\",\"selector\":\".header-search-input\"}\n  (Session info: headless chrome=114.0.5735.198); For documentation on this error, please visit: https://www.selenium.dev/documentation/webdriver/troubleshooting/errors#no-such-element-exception\nStacktrace:\n#0 0x55fd4a3f44e3 <unknown>\n#1 0x55fd4a123c76 <unknown>\n#2 0x55fd4a15fc96 <unknown>\n#3 0x55fd4a15fdc1 <unknown>\n#4 0x55fd4a1997f4 <unknown>\n#5 0x55fd4a17f03d <unknown>\n#6 0x55fd4a19730e <unknown>\n#7 0x55fd4a17ede3 <unknown>\n#8 0x55fd4a1542dd <unknown>\n#9 0x55fd4a15534e <unknown>\n#10 0x55fd4a3b43e4 <unknown>\n#11 0x55fd4a3b83d7 <unknown>\n#12 0x55fd4a3c2b20 <unknown>\n#13 0x55fd4a3b9023 <unknown>\n#14 0x55fd4a3871aa <unknown>\n#15 0x55fd4a3dd6b8 <unknown>\n#16 0x55fd4a3dd847 <unknown>\n#17 0x55fd4a3ed243 <unknown>\n#18 0x7f4dadd32b43 <unknown>\n\nScreenshot: file:///home/runner/.selene/screenshots/1688674327163/1688674327163.png\nPageSource: file:///home/runner/.selene/screenshots/1688674327163/1688674327163.html","statusTrace":"fn = <selene.core.wait.Command object at 0x7fc58224c910>\n\n    def logic(fn: Callable[[E], R]) -> R:\n        finish_time = time.time() + self._timeout\n    \n        while True:\n            try:\n>               return fn(self.entity)\n\n/opt/hostedtoolcache/Python/3.11.4/x64/lib/python3.11/site-packages/selene/core/wait.py:119: \n_ _ _ _ _ _ _ _ _ _ _ _ _ _ _ _ _ _ _ _ _ _ _ _ _ _ _ _ _ _ _ _ _ _ _ _ _ _ _ _ \n/opt/hostedtoolcache/Python/3.11.4/x64/lib/python3.11/site-packages/selene/core/wait.py:61: in __call__\n    return self._fn(entity)\n/opt/hostedtoolcache/Python/3.11.4/x64/lib/python3.11/site-packages/selene/core/entity.py:529: in raw_click\n    element.locate().click()\n/opt/hostedtoolcache/Python/3.11.4/x64/lib/python3.11/site-packages/selene/core/entity.py:189: in locate\n    return self._locator()\n/opt/hostedtoolcache/Python/3.11.4/x64/lib/python3.11/site-packages/selene/core/locator.py:34: in __call__\n    return self._locate()\n/opt/hostedtoolcache/Python/3.11.4/x64/lib/python3.11/site-packages/selene/core/entity.py:1132: in <lambda>\n    Locator(f'{self}.element({by})', lambda: self.driver.find_element(*by)),\n/opt/hostedtoolcache/Python/3.11.4/x64/lib/python3.11/site-packages/selenium/webdriver/remote/webdriver.py:740: in find_element\n    return self.execute(Command.FIND_ELEMENT, {\"using\": by, \"value\": value})[\"value\"]\n/opt/hostedtoolcache/Python/3.11.4/x64/lib/python3.11/site-packages/selenium/webdriver/remote/webdriver.py:346: in execute\n    self.error_handler.check_response(response)\n_ _ _ _ _ _ _ _ _ _ _ _ _ _ _ _ _ _ _ _ _ _ _ _ _ _ _ _ _ _ _ _ _ _ _ _ _ _ _ _ \n\nself = <selenium.webdriver.remote.errorhandler.ErrorHandler object at 0x7fc5823a5750>\nresponse = {'status': 404, 'value': '{\"value\":{\"error\":\"no such element\",\"message\":\"no such element: Unable to locate element: {\\...\\\\n#16 0x55fd4a3dd847 \\\\u003Cunknown>\\\\n#17 0x55fd4a3ed243 \\\\u003Cunknown>\\\\n#18 0x7f4dadd32b43 \\\\u003Cunknown>\\\\n\"}}'}\n\n    def check_response(self, response: Dict[str, Any]) -> None:\n        \"\"\"Checks that a JSON response from the WebDriver does not have an\n        error.\n    \n        :Args:\n         - response - The JSON response from the WebDriver server as a dictionary\n           object.\n    \n        :Raises: If the response contains an error message.\n        \"\"\"\n        status = response.get(\"status\", None)\n        if not status or status == ErrorCode.SUCCESS:\n            return\n        value = None\n        message = response.get(\"message\", \"\")\n        screen: str = response.get(\"screen\", \"\")\n        stacktrace = None\n        if isinstance(status, int):\n            value_json = response.get(\"value\", None)\n            if value_json and isinstance(value_json, str):\n                import json\n    \n                try:\n                    value = json.loads(value_json)\n                    if len(value) == 1:\n                        value = value[\"value\"]\n                    status = value.get(\"error\", None)\n                    if not status:\n                        status = value.get(\"status\", ErrorCode.UNKNOWN_ERROR)\n                        message = value.get(\"value\") or value.get(\"message\")\n                        if not isinstance(message, str):\n                            value = message\n                            message = message.get(\"message\")\n                    else:\n                        message = value.get(\"message\", None)\n                except ValueError:\n                    pass\n    \n        exception_class: Type[WebDriverException]\n        if status in ErrorCode.NO_SUCH_ELEMENT:\n            exception_class = NoSuchElementException\n        elif status in ErrorCode.NO_SUCH_FRAME:\n            exception_class = NoSuchFrameException\n        elif status in ErrorCode.NO_SUCH_SHADOW_ROOT:\n            exception_class = NoSuchShadowRootException\n        elif status in ErrorCode.NO_SUCH_WINDOW:\n            exception_class = NoSuchWindowException\n        elif status in ErrorCode.STALE_ELEMENT_REFERENCE:\n            exception_class = StaleElementReferenceException\n        elif status in ErrorCode.ELEMENT_NOT_VISIBLE:\n            exception_class = ElementNotVisibleException\n        elif status in ErrorCode.INVALID_ELEMENT_STATE:\n            exception_class = InvalidElementStateException\n        elif (\n            status in ErrorCode.INVALID_SELECTOR\n            or status in ErrorCode.INVALID_XPATH_SELECTOR\n            or status in ErrorCode.INVALID_XPATH_SELECTOR_RETURN_TYPER\n        ):\n            exception_class = InvalidSelectorException\n        elif status in ErrorCode.ELEMENT_IS_NOT_SELECTABLE:\n            exception_class = ElementNotSelectableException\n        elif status in ErrorCode.ELEMENT_NOT_INTERACTABLE:\n            exception_class = ElementNotInteractableException\n        elif status in ErrorCode.INVALID_COOKIE_DOMAIN:\n            exception_class = InvalidCookieDomainException\n        elif status in ErrorCode.UNABLE_TO_SET_COOKIE:\n            exception_class = UnableToSetCookieException\n        elif status in ErrorCode.TIMEOUT:\n            exception_class = TimeoutException\n        elif status in ErrorCode.SCRIPT_TIMEOUT:\n            exception_class = TimeoutException\n        elif status in ErrorCode.UNKNOWN_ERROR:\n            exception_class = WebDriverException\n        elif status in ErrorCode.UNEXPECTED_ALERT_OPEN:\n            exception_class = UnexpectedAlertPresentException\n        elif status in ErrorCode.NO_ALERT_OPEN:\n            exception_class = NoAlertPresentException\n        elif status in ErrorCode.IME_NOT_AVAILABLE:\n            exception_class = ImeNotAvailableException\n        elif status in ErrorCode.IME_ENGINE_ACTIVATION_FAILED:\n            exception_class = ImeActivationFailedException\n        elif status in ErrorCode.MOVE_TARGET_OUT_OF_BOUNDS:\n            exception_class = MoveTargetOutOfBoundsException\n        elif status in ErrorCode.JAVASCRIPT_ERROR:\n            exception_class = JavascriptException\n        elif status in ErrorCode.SESSION_NOT_CREATED:\n            exception_class = SessionNotCreatedException\n        elif status in ErrorCode.INVALID_ARGUMENT:\n            exception_class = InvalidArgumentException\n        elif status in ErrorCode.NO_SUCH_COOKIE:\n            exception_class = NoSuchCookieException\n        elif status in ErrorCode.UNABLE_TO_CAPTURE_SCREEN:\n            exception_class = ScreenshotException\n        elif status in ErrorCode.ELEMENT_CLICK_INTERCEPTED:\n            exception_class = ElementClickInterceptedException\n        elif status in ErrorCode.INSECURE_CERTIFICATE:\n            exception_class = InsecureCertificateException\n        elif status in ErrorCode.INVALID_COORDINATES:\n            exception_class = InvalidCoordinatesException\n        elif status in ErrorCode.INVALID_SESSION_ID:\n            exception_class = InvalidSessionIdException\n        elif status in ErrorCode.UNKNOWN_METHOD:\n            exception_class = UnknownMethodException\n        else:\n            exception_class = WebDriverException\n        if not value:\n            value = response[\"value\"]\n        if isinstance(value, str):\n            raise exception_class(value)\n        if message == \"\" and \"message\" in value:\n            message = value[\"message\"]\n    \n        screen = None  # type: ignore[assignment]\n        if \"screen\" in value:\n            screen = value[\"screen\"]\n    \n        stacktrace = None\n        st_value = value.get(\"stackTrace\") or value.get(\"stacktrace\")\n        if st_value:\n            if isinstance(st_value, str):\n                stacktrace = st_value.split(\"\\n\")\n            else:\n                stacktrace = []\n                try:\n                    for frame in st_value:\n                        line = frame.get(\"lineNumber\", \"\")\n                        file = frame.get(\"fileName\", \"<anonymous>\")\n                        if line:\n                            file = f\"{file}:{line}\"\n                        meth = frame.get(\"methodName\", \"<anonymous>\")\n                        if \"className\" in frame:\n                            meth = f\"{frame['className']}.{meth}\"\n                        msg = \"    at %s (%s)\"\n                        msg = msg % (meth, file)\n                        stacktrace.append(msg)\n                except TypeError:\n                    pass\n        if exception_class == UnexpectedAlertPresentException:\n            alert_text = None\n            if \"data\" in value:\n                alert_text = value[\"data\"].get(\"text\")\n            elif \"alert\" in value:\n                alert_text = value[\"alert\"].get(\"text\")\n            raise exception_class(message, screen, stacktrace, alert_text)  # type: ignore[call-arg]  # mypy is not smart enough here\n>       raise exception_class(message, screen, stacktrace)\nE       selenium.common.exceptions.NoSuchElementException: Message: no such element: Unable to locate element: {\"method\":\"css selector\",\"selector\":\".header-search-input\"}\nE         (Session info: headless chrome=114.0.5735.198); For documentation on this error, please visit: https://www.selenium.dev/documentation/webdriver/troubleshooting/errors#no-such-element-exception\nE       Stacktrace:\nE       #0 0x55fd4a3f44e3 <unknown>\nE       #1 0x55fd4a123c76 <unknown>\nE       #2 0x55fd4a15fc96 <unknown>\nE       #3 0x55fd4a15fdc1 <unknown>\nE       #4 0x55fd4a1997f4 <unknown>\nE       #5 0x55fd4a17f03d <unknown>\nE       #6 0x55fd4a19730e <unknown>\nE       #7 0x55fd4a17ede3 <unknown>\nE       #8 0x55fd4a1542dd <unknown>\nE       #9 0x55fd4a15534e <unknown>\nE       #10 0x55fd4a3b43e4 <unknown>\nE       #11 0x55fd4a3b83d7 <unknown>\nE       #12 0x55fd4a3c2b20 <unknown>\nE       #13 0x55fd4a3b9023 <unknown>\nE       #14 0x55fd4a3871aa <unknown>\nE       #15 0x55fd4a3dd6b8 <unknown>\nE       #16 0x55fd4a3dd847 <unknown>\nE       #17 0x55fd4a3ed243 <unknown>\nE       #18 0x7f4dadd32b43 <unknown>\n\n/opt/hostedtoolcache/Python/3.11.4/x64/lib/python3.11/site-packages/selenium/webdriver/remote/errorhandler.py:245: NoSuchElementException\n\nDuring handling of the above exception, another exception occurred:\n\n    @allure.story(\"Находим в репозитории issue с номером 76\")\n    def test_github():\n        browser.open(\"https://github.com\")\n    \n>       s(\".header-search-input\").click()\n\ntests/test_selene.py:12: \n_ _ _ _ _ _ _ _ _ _ _ _ _ _ _ _ _ _ _ _ _ _ _ _ _ _ _ _ _ _ _ _ _ _ _ _ _ _ _ _ \n/opt/hostedtoolcache/Python/3.11.4/x64/lib/python3.11/site-packages/selene/core/entity.py:533: in click\n    self.wait.for_(\n/opt/hostedtoolcache/Python/3.11.4/x64/lib/python3.11/site-packages/selene/core/wait.py:143: in for_\n    return self._decorator(self)(logic)(fn)\n_ _ _ _ _ _ _ _ _ _ _ _ _ _ _ _ _ _ _ _ _ _ _ _ _ _ _ _ _ _ _ _ _ _ _ _ _ _ _ _ \n\nfn = <selene.core.wait.Command object at 0x7fc58224c910>\n\n    def logic(fn: Callable[[E], R]) -> R:\n        finish_time = time.time() + self._timeout\n    \n        while True:\n            try:\n                return fn(self.entity)\n            except Exception as reason:\n                if time.time() > finish_time:\n                    reason_message = str(reason)\n    \n                    reason_string = '{name}: {message}'.format(\n                        name=reason.__class__.__name__,\n                        message=reason_message,\n                    )\n                    # TODO: think on how can we improve logging failures in selene, e.g. reverse msg and stacktrace\n                    # stacktrace = getattr(reason, 'stacktrace', None)\n                    timeout = self._timeout\n                    entity = self.entity\n    \n                    failure = TimeoutException(\n                        f'\\n'\n                        f'\\nTimed out after {timeout}s, while waiting for:'\n                        f'\\n{entity}.{fn}'\n                        f'\\n'\n                        f'\\nReason: {reason_string}'\n                    )\n    \n>                   raise self._hook_failure(failure)\nE                   selene.core.exceptions.TimeoutException: Message: \nE                   \nE                   Timed out after 10s, while waiting for:\nE                   browser.element(('css selector', '.header-search-input')).click\nE                   \nE                   Reason: NoSuchElementException: Message: no such element: Unable to locate element: {\"method\":\"css selector\",\"selector\":\".header-search-input\"}\nE                     (Session info: headless chrome=114.0.5735.198); For documentation on this error, please visit: https://www.selenium.dev/documentation/webdriver/troubleshooting/errors#no-such-element-exception\nE                   Stacktrace:\nE                   #0 0x55fd4a3f44e3 <unknown>\nE                   #1 0x55fd4a123c76 <unknown>\nE                   #2 0x55fd4a15fc96 <unknown>\nE                   #3 0x55fd4a15fdc1 <unknown>\nE                   #4 0x55fd4a1997f4 <unknown>\nE                   #5 0x55fd4a17f03d <unknown>\nE                   #6 0x55fd4a19730e <unknown>\nE                   #7 0x55fd4a17ede3 <unknown>\nE                   #8 0x55fd4a1542dd <unknown>\nE                   #9 0x55fd4a15534e <unknown>\nE                   #10 0x55fd4a3b43e4 <unknown>\nE                   #11 0x55fd4a3b83d7 <unknown>\nE                   #12 0x55fd4a3c2b20 <unknown>\nE                   #13 0x55fd4a3b9023 <unknown>\nE                   #14 0x55fd4a3871aa <unknown>\nE                   #15 0x55fd4a3dd6b8 <unknown>\nE                   #16 0x55fd4a3dd847 <unknown>\nE                   #17 0x55fd4a3ed243 <unknown>\nE                   #18 0x7f4dadd32b43 <unknown>\nE                   \nE                   Screenshot: file:///home/runner/.selene/screenshots/1688674327163/1688674327163.png\nE                   PageSource: file:///home/runner/.selene/screenshots/1688674327163/1688674327163.html\n\n/opt/hostedtoolcache/Python/3.11.4/x64/lib/python3.11/site-packages/selene/core/wait.py:141: TimeoutException","flaky":false,"newFailed":true,"newBroken":false,"newPassed":false,"retriesCount":0,"retriesStatusChange":false,"beforeStages":[{"name":"driver","time":{"start":1688674333206,"stop":1688674333207,"duration":1},"status":"passed","steps":[],"attachments":[],"parameters":[],"stepsCount":0,"attachmentsCount":0,"shouldDisplayMessage":false,"hasContent":false}],"afterStages":[],"labels":[{"name":"story","value":"Находим в репозитории issue с номером 76"},{"name":"parentSuite","value":"tests"},{"name":"suite","value":"test_selene"},{"name":"host","value":"fv-az583-127"},{"name":"thread","value":"2331-MainThread"},{"name":"framework","value":"pytest"},{"name":"language","value":"cpython3"},{"name":"package","value":"tests.test_selene"},{"name":"resultFormat","value":"allure2"}],"parameters":[],"links":[],"hidden":false,"retry":false,"extra":{"severity":"normal","retries":[],"categories":[{"name":"Product defects","matchedStatuses":[],"flaky":false}],"history":{"statistic":{"failed":3,"broken":13,"skipped":0,"passed":0,"unknown":0,"total":16},"items":[{"uid":"ea40d1641c1f292f","reportUrl":"https://t-rexamarin.github.io/qaguru/17//#testresult/ea40d1641c1f292f","status":"broken","statusDetails":"TypeError: 'int' object is not callable","time":{"start":1688674207380,"stop":1688674207380,"duration":0}},{"uid":"9e7e58a0d8b0a4e6","reportUrl":"https://t-rexamarin.github.io/qaguru/16//#testresult/9e7e58a0d8b0a4e6","status":"failed","statusDetails":"selene.core.exceptions.TimeoutException: Message: \n\nTimed out after 4s, while waiting for:\nbrowser.element(('css selector', '.header-search-input')).click\n\nReason: NoSuchElementException: Message: no such element: Unable to locate element: {\"method\":\"css selector\",\"selector\":\".header-search-input\"}\n  (Session info: headless chrome=114.0.5735.198); For documentation on this error, please visit: https://www.selenium.dev/documentation/webdriver/troubleshooting/errors#no-such-element-exception\nStacktrace:\n#0 0x55f59d1f94e3 <unknown>\n#1 0x55f59cf28c76 <unknown>\n#2 0x55f59cf64c96 <unknown>\n#3 0x55f59cf64dc1 <unknown>\n#4 0x55f59cf9e7f4 <unknown>\n#5 0x55f59cf8403d <unknown>\n#6 0x55f59cf9c30e <unknown>\n#7 0x55f59cf83de3 <unknown>\n#8 0x55f59cf592dd <unknown>\n#9 0x55f59cf5a34e <unknown>\n#10 0x55f59d1b93e4 <unknown>\n#11 0x55f59d1bd3d7 <unknown>\n#12 0x55f59d1c7b20 <unknown>\n#13 0x55f59d1be023 <unknown>\n#14 0x55f59d18c1aa <unknown>\n#15 0x55f59d1e26b8 <unknown>\n#16 0x55f59d1e2847 <unknown>\n#17 0x55f59d1f2243 <unknown>\n#18 0x7ff0af0b6b43 <unknown>\n\nScreenshot: file:///home/runner/.selene/screenshots/1688674071705/1688674071705.png\nPageSource: file:///home/runner/.selene/screenshots/1688674071705/1688674071705.html","time":{"start":1688674078919,"stop":1688674084104,"duration":5185}},{"uid":"4ab0ca7c3441ea78","reportUrl":"https://t-rexamarin.github.io/qaguru/16//#testresult/4ab0ca7c3441ea78","status":"failed","statusDetails":"selene.core.exceptions.TimeoutException: Message: \n\nTimed out after 4s, while waiting for:\nbrowser.element(('css selector', '.header-search-input')).click\n\nReason: NoSuchElementException: Message: no such element: Unable to locate element: {\"method\":\"css selector\",\"selector\":\".header-search-input\"}\n  (Session info: headless chrome=114.0.5735.198); For documentation on this error, please visit: https://www.selenium.dev/documentation/webdriver/troubleshooting/errors#no-such-element-exception\nStacktrace:\n#0 0x56224ae654e3 <unknown>\n#1 0x56224ab94c76 <unknown>\n#2 0x56224abd0c96 <unknown>\n#3 0x56224abd0dc1 <unknown>\n#4 0x56224ac0a7f4 <unknown>\n#5 0x56224abf003d <unknown>\n#6 0x56224ac0830e <unknown>\n#7 0x56224abefde3 <unknown>\n#8 0x56224abc52dd <unknown>\n#9 0x56224abc634e <unknown>\n#10 0x56224ae253e4 <unknown>\n#11 0x56224ae293d7 <unknown>\n#12 0x56224ae33b20 <unknown>\n#13 0x56224ae2a023 <unknown>\n#14 0x56224adf81aa <unknown>\n#15 0x56224ae4e6b8 <unknown>\n#16 0x56224ae4e847 <unknown>\n#17 0x56224ae5e243 <unknown>\n#18 0x7f7ab6819b43 <unknown>\n\nScreenshot: file:///home/runner/.selene/screenshots/1688673972592/1688673972592.png\nPageSource: file:///home/runner/.selene/screenshots/1688673972592/1688673972592.html","time":{"start":1688673979290,"stop":1688673984227,"duration":4937}},{"uid":"6ad33e05852a96d7","reportUrl":"https://t-rexamarin.github.io/qaguru/15//#testresult/6ad33e05852a96d7","status":"broken","statusDetails":"AttributeError: 'NoneType' object has no attribute 'open'","time":{"start":1688673848059,"stop":1688673848060,"duration":1}},{"uid":"9135d0353a5b156b","reportUrl":"https://t-rexamarin.github.io/qaguru/15//#testresult/9135d0353a5b156b","status":"broken","statusDetails":"AttributeError: 'NoneType' object has no attribute 'open'","time":{"start":1688673549340,"stop":1688673549340,"duration":0}},{"uid":"eb15f12fcc3f99d7","reportUrl":"https://t-rexamarin.github.io/qaguru/14//#testresult/eb15f12fcc3f99d7","status":"broken","statusDetails":"AttributeError: 'NoneType' object has no attribute 'open'","time":{"start":1688673184254,"stop":1688673184254,"duration":0}},{"uid":"6d7f471a269b9fd0","reportUrl":"https://t-rexamarin.github.io/qaguru/13//#testresult/6d7f471a269b9fd0","status":"broken","statusDetails":"selenium.common.exceptions.WebDriverException: Message: unknown error: Chrome failed to start: exited abnormally.\n  (unknown error: DevToolsActivePort file doesn't exist)\n  (The process started from chrome location /usr/bin/google-chrome is no longer running, so ChromeDriver is assuming that Chrome has crashed.)\nStacktrace:\n#0 0x55c5a0e934e3 <unknown>\n#1 0x55c5a0bc2c76 <unknown>\n#2 0x55c5a0bebd78 <unknown>\n#3 0x55c5a0be8029 <unknown>\n#4 0x55c5a0c26ccc <unknown>\n#5 0x55c5a0c2647f <unknown>\n#6 0x55c5a0c1dde3 <unknown>\n#7 0x55c5a0bf32dd <unknown>\n#8 0x55c5a0bf434e <unknown>\n#9 0x55c5a0e533e4 <unknown>\n#10 0x55c5a0e573d7 <unknown>\n#11 0x55c5a0e61b20 <unknown>\n#12 0x55c5a0e58023 <unknown>\n#13 0x55c5a0e261aa <unknown>\n#14 0x55c5a0e7c6b8 <unknown>\n#15 0x55c5a0e7c847 <unknown>\n#16 0x55c5a0e8c243 <unknown>\n#17 0x7fadd6b11b43 <unknown>","time":{"start":1688672832994,"stop":1688672832994,"duration":0}},{"uid":"4e8a8f7659c6241a","reportUrl":"https://t-rexamarin.github.io/qaguru/11//#testresult/4e8a8f7659c6241a","status":"broken","statusDetails":"selenium.common.exceptions.WebDriverException: Message: unknown error: Chrome failed to start: exited abnormally.\n  (unknown error: DevToolsActivePort file doesn't exist)\n  (The process started from chrome location /usr/bin/google-chrome is no longer running, so ChromeDriver is assuming that Chrome has crashed.)\nStacktrace:\n#0 0x56031d1634e3 <unknown>\n#1 0x56031ce92c76 <unknown>\n#2 0x56031cebbd78 <unknown>\n#3 0x56031ceb8029 <unknown>\n#4 0x56031cef6ccc <unknown>\n#5 0x56031cef647f <unknown>\n#6 0x56031ceedde3 <unknown>\n#7 0x56031cec32dd <unknown>\n#8 0x56031cec434e <unknown>\n#9 0x56031d1233e4 <unknown>\n#10 0x56031d1273d7 <unknown>\n#11 0x56031d131b20 <unknown>\n#12 0x56031d128023 <unknown>\n#13 0x56031d0f61aa <unknown>\n#14 0x56031d14c6b8 <unknown>\n#15 0x56031d14c847 <unknown>\n#16 0x56031d15c243 <unknown>\n#17 0x7f5034b9ab43 <unknown>","time":{"start":1688672438677,"stop":1688672438677,"duration":0}},{"uid":"8fe0a835504ffa2b","reportUrl":"https://t-rexamarin.github.io/qaguru/10//#testresult/8fe0a835504ffa2b","status":"broken","statusDetails":"selenium.common.exceptions.WebDriverException: Message: unknown error: Chrome failed to start: exited abnormally.\n  (unknown error: DevToolsActivePort file doesn't exist)\n  (The process started from chrome location /usr/bin/google-chrome is no longer running, so ChromeDriver is assuming that Chrome has crashed.)\nStacktrace:\n#0 0x55ab4715b4e3 <unknown>\n#1 0x55ab46e8ac76 <unknown>\n#2 0x55ab46eb3d78 <unknown>\n#3 0x55ab46eb0029 <unknown>\n#4 0x55ab46eeeccc <unknown>\n#5 0x55ab46eee47f <unknown>\n#6 0x55ab46ee5de3 <unknown>\n#7 0x55ab46ebb2dd <unknown>\n#8 0x55ab46ebc34e <unknown>\n#9 0x55ab4711b3e4 <unknown>\n#10 0x55ab4711f3d7 <unknown>\n#11 0x55ab47129b20 <unknown>\n#12 0x55ab47120023 <unknown>\n#13 0x55ab470ee1aa <unknown>\n#14 0x55ab471446b8 <unknown>\n#15 0x55ab47144847 <unknown>\n#16 0x55ab47154243 <unknown>\n#17 0x7ff214097b43 <unknown>","time":{"start":1688672164185,"stop":1688672164185,"duration":0}},{"uid":"23b1d28c373f8357","reportUrl":"https://t-rexamarin.github.io/qaguru/9//#testresult/23b1d28c373f8357","status":"broken","statusDetails":"AttributeError: 'NoneType' object has no attribute 'open'","time":{"start":1688671590150,"stop":1688671590150,"duration":0}},{"uid":"937a15f07ab7d2a","reportUrl":"https://t-rexamarin.github.io/qaguru/8//#testresult/937a15f07ab7d2a","status":"broken","statusDetails":"AttributeError: 'NoneType' object has no attribute 'open'","time":{"start":1688670597726,"stop":1688670597727,"duration":1}},{"uid":"8ca5a919e06d13f5","reportUrl":"https://t-rexamarin.github.io/qaguru/7//#testresult/8ca5a919e06d13f5","status":"broken","statusDetails":"selenium.common.exceptions.WebDriverException: Message: unknown error: Chrome failed to start: exited abnormally.\n  (unknown error: DevToolsActivePort file doesn't exist)\n  (The process started from chrome location /usr/bin/google-chrome is no longer running, so ChromeDriver is assuming that Chrome has crashed.)\nStacktrace:\n#0 0x561998c904e3 <unknown>\n#1 0x5619989bfc76 <unknown>\n#2 0x5619989e8d78 <unknown>\n#3 0x5619989e5029 <unknown>\n#4 0x561998a23ccc <unknown>\n#5 0x561998a2347f <unknown>\n#6 0x561998a1ade3 <unknown>\n#7 0x5619989f02dd <unknown>\n#8 0x5619989f134e <unknown>\n#9 0x561998c503e4 <unknown>\n#10 0x561998c543d7 <unknown>\n#11 0x561998c5eb20 <unknown>\n#12 0x561998c55023 <unknown>\n#13 0x561998c231aa <unknown>\n#14 0x561998c796b8 <unknown>\n#15 0x561998c79847 <unknown>\n#16 0x561998c89243 <unknown>\n#17 0x7efdeb586b43 <unknown>","time":{"start":1688669610081,"stop":1688669610081,"duration":0}},{"uid":"269ab77589ed1ada","reportUrl":"https://t-rexamarin.github.io/qaguru/6//#testresult/269ab77589ed1ada","status":"broken","statusDetails":"selenium.common.exceptions.WebDriverException: Message: unknown error: Chrome failed to start: exited abnormally.\n  (unknown error: DevToolsActivePort file doesn't exist)\n  (The process started from chrome location /usr/bin/google-chrome is no longer running, so ChromeDriver is assuming that Chrome has crashed.)\nStacktrace:\n#0 0x560c090e24e3 <unknown>\n#1 0x560c08e11c76 <unknown>\n#2 0x560c08e3ad78 <unknown>\n#3 0x560c08e37029 <unknown>\n#4 0x560c08e75ccc <unknown>\n#5 0x560c08e7547f <unknown>\n#6 0x560c08e6cde3 <unknown>\n#7 0x560c08e422dd <unknown>\n#8 0x560c08e4334e <unknown>\n#9 0x560c090a23e4 <unknown>\n#10 0x560c090a63d7 <unknown>\n#11 0x560c090b0b20 <unknown>\n#12 0x560c090a7023 <unknown>\n#13 0x560c090751aa <unknown>\n#14 0x560c090cb6b8 <unknown>\n#15 0x560c090cb847 <unknown>\n#16 0x560c090db243 <unknown>\n#17 0x7fdcd5cf0b43 <unknown>","time":{"start":1688668475780,"stop":1688668475780,"duration":0}},{"uid":"8570faaf539135a5","reportUrl":"https://t-rexamarin.github.io/qaguru/4//#testresult/8570faaf539135a5","status":"broken","statusDetails":"selenium.common.exceptions.WebDriverException: Message: unknown error: Chrome failed to start: exited abnormally.\n  (unknown error: DevToolsActivePort file doesn't exist)\n  (The process started from chrome location /usr/bin/google-chrome is no longer running, so ChromeDriver is assuming that Chrome has crashed.)\nStacktrace:\n#0 0x5580d512b4e3 <unknown>\n#1 0x5580d4e5ac76 <unknown>\n#2 0x5580d4e83d78 <unknown>\n#3 0x5580d4e80029 <unknown>\n#4 0x5580d4ebeccc <unknown>\n#5 0x5580d4ebe47f <unknown>\n#6 0x5580d4eb5de3 <unknown>\n#7 0x5580d4e8b2dd <unknown>\n#8 0x5580d4e8c34e <unknown>\n#9 0x5580d50eb3e4 <unknown>\n#10 0x5580d50ef3d7 <unknown>\n#11 0x5580d50f9b20 <unknown>\n#12 0x5580d50f0023 <unknown>\n#13 0x5580d50be1aa <unknown>\n#14 0x5580d51146b8 <unknown>\n#15 0x5580d5114847 <unknown>\n#16 0x5580d5124243 <unknown>\n#17 0x7f089eba7b43 <unknown>","time":{"start":1688667982026,"stop":1688667982026,"duration":0}},{"uid":"4fcf4dea3c3e5172","reportUrl":"https://t-rexamarin.github.io/qaguru/3//#testresult/4fcf4dea3c3e5172","status":"broken","statusDetails":"selenium.common.exceptions.WebDriverException: Message: unknown error: Chrome failed to start: exited abnormally.\n  (unknown error: DevToolsActivePort file doesn't exist)\n  (The process started from chrome location /usr/bin/google-chrome is no longer running, so ChromeDriver is assuming that Chrome has crashed.)\nStacktrace:\n#0 0x5601c9bff4e3 <unknown>\n#1 0x5601c992ec76 <unknown>\n#2 0x5601c9957d78 <unknown>\n#3 0x5601c9954029 <unknown>\n#4 0x5601c9992ccc <unknown>\n#5 0x5601c999247f <unknown>\n#6 0x5601c9989de3 <unknown>\n#7 0x5601c995f2dd <unknown>\n#8 0x5601c996034e <unknown>\n#9 0x5601c9bbf3e4 <unknown>\n#10 0x5601c9bc33d7 <unknown>\n#11 0x5601c9bcdb20 <unknown>\n#12 0x5601c9bc4023 <unknown>\n#13 0x5601c9b921aa <unknown>\n#14 0x5601c9be86b8 <unknown>\n#15 0x5601c9be8847 <unknown>\n#16 0x5601c9bf8243 <unknown>\n#17 0x7fa75b16db43 <unknown>","time":{"start":1688662443481,"stop":1688662443481,"duration":0}}]},"tags":[]},"source":"81ab54998dda316b.json","parameterValues":[]}