{"uid":"4b4757e66a1912dae1a509f688f20b0f","children":[{"name":"Product defects","children":[{"name":"selene.core.exceptions.TimeoutException: Message: \n\nTimed out after 4s, while waiting for:\nbrowser.element(('css selector', '.header-search-input')).click\n\nReason: NoSuchElementException: Message: no such element: Unable to locate element: {\"method\":\"css selector\",\"selector\":\".header-search-input\"}\n  (Session info: headless chrome=114.0.5735.198); For documentation on this error, please visit: https://www.selenium.dev/documentation/webdriver/troubleshooting/errors#no-such-element-exception\nStacktrace:\n#0 0x55f59d1f94e3 <unknown>\n#1 0x55f59cf28c76 <unknown>\n#2 0x55f59cf64c96 <unknown>\n#3 0x55f59cf64dc1 <unknown>\n#4 0x55f59cf9e7f4 <unknown>\n#5 0x55f59cf8403d <unknown>\n#6 0x55f59cf9c30e <unknown>\n#7 0x55f59cf83de3 <unknown>\n#8 0x55f59cf592dd <unknown>\n#9 0x55f59cf5a34e <unknown>\n#10 0x55f59d1b93e4 <unknown>\n#11 0x55f59d1bd3d7 <unknown>\n#12 0x55f59d1c7b20 <unknown>\n#13 0x55f59d1be023 <unknown>\n#14 0x55f59d18c1aa <unknown>\n#15 0x55f59d1e26b8 <unknown>\n#16 0x55f59d1e2847 <unknown>\n#17 0x55f59d1f2243 <unknown>\n#18 0x7ff0af0b6b43 <unknown>\n\nScreenshot: file:///home/runner/.selene/screenshots/1688674071705/1688674071705.png\nPageSource: file:///home/runner/.selene/screenshots/1688674071705/1688674071705.html","children":[{"name":"test_github","uid":"9e7e58a0d8b0a4e6","parentUid":"e5b6799d1deff99c7702f41ad01e314d","status":"failed","time":{"start":1688674078919,"stop":1688674084104,"duration":5185},"flaky":false,"newFailed":false,"newPassed":false,"newBroken":false,"retriesCount":0,"retriesStatusChange":false,"parameters":[]}],"uid":"e5b6799d1deff99c7702f41ad01e314d"}],"uid":"8fb3a91ba5aaf9de24cc8a92edc82b5d"}],"name":"categories"}